<?xml version="1.0" encoding="utf-8" standalone="no"?>
<!DOCTYPE report PUBLIC "-//JACOCO//DTD Report 1.1//EN" "report.dtd"[]>
<report name="Pester ()">
  <sessioninfo id="this" start="1786664422252" dump="1786664424349" />
  <package name="scripts">
    <class name="scripts/analyze-automejora" sourcefilename="analyze-automejora.ps1">
      <method name="&lt;script&gt;" desc="()" line="40">
        <counter type="INSTRUCTION" missed="228" covered="0" />
        <counter type="LINE" missed="106" covered="0" />
        <counter type="METHOD" missed="1" covered="0" />
      </method>
      <method name="Get-IgnoreRules" desc="()" line="68">
        <counter type="INSTRUCTION" missed="26" covered="0" />
        <counter type="LINE" missed="14" covered="0" />
        <counter type="METHOD" missed="1" covered="0" />
      </method>
      <method name="Test-Excluded" desc="()" line="93">
        <counter type="INSTRUCTION" missed="17" covered="0" />
        <counter type="LINE" missed="10" covered="0" />
        <counter type="METHOD" missed="1" covered="0" />
      </method>
      <method name="Get-SourceFiles" desc="()" line="112">
        <counter type="INSTRUCTION" missed="10" covered="0" />
        <counter type="LINE" missed="6" covered="0" />
        <counter type="METHOD" missed="1" covered="0" />
      </method>
      <method name="Test-Tool" desc="()" line="123">
        <counter type="INSTRUCTION" missed="2" covered="0" />
        <counter type="LINE" missed="1" covered="0" />
        <counter type="METHOD" missed="1" covered="0" />
      </method>
      <method name="Test-Module" desc="()" line="128">
        <counter type="INSTRUCTION" missed="2" covered="0" />
        <counter type="LINE" missed="1" covered="0" />
        <counter type="METHOD" missed="1" covered="0" />
      </method>
      <method name="Get-TierLevel" desc="()" line="149">
        <counter type="INSTRUCTION" missed="28" covered="0" />
        <counter type="LINE" missed="8" covered="0" />
        <counter type="METHOD" missed="1" covered="0" />
      </method>
      <method name="Get-Capabilities" desc="()" line="162">
        <counter type="INSTRUCTION" missed="91" covered="0" />
        <counter type="LINE" missed="37" covered="0" />
        <counter type="METHOD" missed="1" covered="0" />
      </method>
      <counter type="INSTRUCTION" missed="404" covered="0" />
      <counter type="LINE" missed="183" covered="0" />
      <counter type="METHOD" missed="8" covered="0" />
      <counter type="CLASS" missed="1" covered="0" />
    </class>
    <class name="scripts/analyze-page" sourcefilename="analyze-page.ps1">
      <method name="&lt;script&gt;" desc="()" line="33">
        <counter type="INSTRUCTION" missed="36" covered="0" />
        <counter type="LINE" missed="29" covered="0" />
        <counter type="METHOD" missed="1" covered="0" />
      </method>
      <counter type="INSTRUCTION" missed="36" covered="0" />
      <counter type="LINE" missed="29" covered="0" />
      <counter type="METHOD" missed="1" covered="0" />
      <counter type="CLASS" missed="1" covered="0" />
    </class>
    <class name="scripts/analyze-screenshot" sourcefilename="analyze-screenshot.ps1">
      <method name="&lt;script&gt;" desc="()" line="34">
        <counter type="INSTRUCTION" missed="127" covered="0" />
        <counter type="LINE" missed="107" covered="0" />
        <counter type="METHOD" missed="1" covered="0" />
      </method>
      <counter type="INSTRUCTION" missed="127" covered="0" />
      <counter type="LINE" missed="107" covered="0" />
      <counter type="METHOD" missed="1" covered="0" />
      <counter type="CLASS" missed="1" covered="0" />
    </class>
    <class name="scripts/audit-log" sourcefilename="audit-log.ps1">
      <method name="&lt;script&gt;" desc="()" line="52">
        <counter type="INSTRUCTION" missed="108" covered="0" />
        <counter type="LINE" missed="69" covered="0" />
        <counter type="METHOD" missed="1" covered="0" />
      </method>
      <method name="ConvertTo-SafeCsvField" desc="()" line="82">
        <counter type="INSTRUCTION" missed="5" covered="0" />
        <counter type="LINE" missed="5" covered="0" />
        <counter type="METHOD" missed="1" covered="0" />
      </method>
      <counter type="INSTRUCTION" missed="113" covered="0" />
      <counter type="LINE" missed="74" covered="0" />
      <counter type="METHOD" missed="2" covered="0" />
      <counter type="CLASS" missed="1" covered="0" />
    </class>
    <class name="scripts/auto-pattern-detector" sourcefilename="auto-pattern-detector.ps1">
      <method name="&lt;script&gt;" desc="()" line="25">
        <counter type="INSTRUCTION" missed="107" covered="0" />
        <counter type="LINE" missed="84" covered="0" />
        <counter type="METHOD" missed="1" covered="0" />
      </method>
      <method name="Get-CatalogedPattern" desc="()" line="36">
        <counter type="INSTRUCTION" missed="16" covered="0" />
        <counter type="LINE" missed="11" covered="0" />
        <counter type="METHOD" missed="1" covered="0" />
      </method>
      <method name="Get-LearningPatternKey" desc="()" line="55">
        <counter type="INSTRUCTION" missed="12" covered="0" />
        <counter type="LINE" missed="9" covered="0" />
        <counter type="METHOD" missed="1" covered="0" />
      </method>
      <method name="Get-ErrorEntry" desc="()" line="71">
        <counter type="INSTRUCTION" missed="25" covered="0" />
        <counter type="LINE" missed="14" covered="0" />
        <counter type="METHOD" missed="1" covered="0" />
      </method>
      <method name="Get-LearningEntry" desc="()" line="95">
        <counter type="INSTRUCTION" missed="15" covered="0" />
        <counter type="LINE" missed="13" covered="0" />
        <counter type="METHOD" missed="1" covered="0" />
      </method>
      <counter type="INSTRUCTION" missed="175" covered="0" />
      <counter type="LINE" missed="131" covered="0" />
      <counter type="METHOD" missed="5" covered="0" />
      <counter type="CLASS" missed="1" covered="0" />
    </class>
    <class name="scripts/backup" sourcefilename="backup.ps1">
      <method name="&lt;script&gt;" desc="()" line="13">
        <counter type="INSTRUCTION" missed="49" covered="0" />
        <counter type="LINE" missed="25" covered="0" />
        <counter type="METHOD" missed="1" covered="0" />
      </method>
      <counter type="INSTRUCTION" missed="49" covered="0" />
      <counter type="LINE" missed="25" covered="0" />
      <counter type="METHOD" missed="1" covered="0" />
      <counter type="CLASS" missed="1" covered="0" />
    </class>
    <class name="scripts/bash-safe" sourcefilename="bash-safe.ps1">
      <method name="&lt;script&gt;" desc="()" line="2">
        <counter type="INSTRUCTION" missed="43" covered="0" />
        <counter type="LINE" missed="21" covered="0" />
        <counter type="METHOD" missed="1" covered="0" />
      </method>
      <method name="Test-IsServerCommand" desc="()" line="48">
        <counter type="INSTRUCTION" missed="4" covered="0" />
        <counter type="LINE" missed="2" covered="0" />
        <counter type="METHOD" missed="1" covered="0" />
      </method>
      <method name="Get-ServerPort" desc="()" line="56">
        <counter type="INSTRUCTION" missed="14" covered="0" />
        <counter type="LINE" missed="6" covered="0" />
        <counter type="METHOD" missed="1" covered="0" />
      </method>
      <method name="Test-PortInUse" desc="()" line="69">
        <counter type="INSTRUCTION" missed="10" covered="0" />
        <counter type="LINE" missed="6" covered="0" />
        <counter type="METHOD" missed="1" covered="0" />
      </method>
      <method name="Test-SafeCommand" desc="()" line="88">
        <counter type="INSTRUCTION" missed="34" covered="0" />
        <counter type="LINE" missed="34" covered="0" />
        <counter type="METHOD" missed="1" covered="0" />
      </method>
      <method name="Invoke-Bash" desc="()" line="174">
        <counter type="INSTRUCTION" missed="58" covered="0" />
        <counter type="LINE" missed="34" covered="0" />
        <counter type="METHOD" missed="1" covered="0" />
      </method>
      <counter type="INSTRUCTION" missed="163" covered="0" />
      <counter type="LINE" missed="103" covered="0" />
      <counter type="METHOD" missed="6" covered="0" />
      <counter type="CLASS" missed="1" covered="0" />
    </class>
    <class name="scripts/batch" sourcefilename="batch.ps1">
      <method name="&lt;script&gt;" desc="()" line="27">
        <counter type="INSTRUCTION" missed="46" covered="0" />
        <counter type="LINE" missed="38" covered="0" />
        <counter type="METHOD" missed="1" covered="0" />
      </method>
      <method name="Get-LatestBatchNumber" desc="()" line="34">
        <counter type="INSTRUCTION" missed="12" covered="0" />
        <counter type="LINE" missed="5" covered="0" />
        <counter type="METHOD" missed="1" covered="0" />
      </method>
      <counter type="INSTRUCTION" missed="58" covered="0" />
      <counter type="LINE" missed="43" covered="0" />
      <counter type="METHOD" missed="2" covered="0" />
      <counter type="CLASS" missed="1" covered="0" />
    </class>
    <class name="scripts/bench-compare" sourcefilename="bench-compare.ps1">
      <method name="&lt;script&gt;" desc="()" line="17">
        <counter type="INSTRUCTION" missed="51" covered="0" />
        <counter type="LINE" missed="32" covered="0" />
        <counter type="METHOD" missed="1" covered="0" />
      </method>
      <method name="Get-Row" desc="()" line="28">
        <counter type="INSTRUCTION" missed="12" covered="0" />
        <counter type="LINE" missed="8" covered="0" />
        <counter type="METHOD" missed="1" covered="0" />
      </method>
      <counter type="INSTRUCTION" missed="63" covered="0" />
      <counter type="LINE" missed="40" covered="0" />
      <counter type="METHOD" missed="2" covered="0" />
      <counter type="CLASS" missed="1" covered="0" />
    </class>
    <class name="scripts/benchmark" sourcefilename="benchmark.ps1">
      <method name="&lt;script&gt;" desc="()" line="32">
        <counter type="INSTRUCTION" missed="230" covered="0" />
        <counter type="LINE" missed="62" covered="0" />
        <counter type="METHOD" missed="1" covered="0" />
      </method>
      <method name="dump" desc="()" line="64">
        <counter type="INSTRUCTION" missed="7" covered="0" />
        <counter type="LINE" missed="1" covered="0" />
        <counter type="METHOD" missed="1" covered="0" />
      </method>
      <counter type="INSTRUCTION" missed="237" covered="0" />
      <counter type="LINE" missed="63" covered="0" />
      <counter type="METHOD" missed="2" covered="0" />
      <counter type="CLASS" missed="1" covered="0" />
    </class>
    <class name="scripts/bootstrap" sourcefilename="bootstrap.ps1">
      <method name="&lt;script&gt;" desc="()" line="32">
        <counter type="INSTRUCTION" missed="80" covered="0" />
        <counter type="LINE" missed="57" covered="0" />
        <counter type="METHOD" missed="1" covered="0" />
      </method>
      <method name="info" desc="()" line="42">
        <counter type="INSTRUCTION" missed="2" covered="0" />
        <counter type="LINE" missed="1" covered="0" />
        <counter type="METHOD" missed="1" covered="0" />
      </method>
      <method name="ok" desc="()" line="43">
        <counter type="INSTRUCTION" missed="2" covered="0" />
        <counter type="LINE" missed="1" covered="0" />
        <counter type="METHOD" missed="1" covered="0" />
      </method>
      <method name="warn" desc="()" line="44">
        <counter type="INSTRUCTION" missed="2" covered="0" />
        <counter type="LINE" missed="1" covered="0" />
        <counter type="METHOD" missed="1" covered="0" />
      </method>
      <method name="err" desc="()" line="45">
        <counter type="INSTRUCTION" missed="4" covered="0" />
        <counter type="LINE" missed="1" covered="0" />
        <counter type="METHOD" missed="1" covered="0" />
      </method>
      <counter type="INSTRUCTION" missed="90" covered="0" />
      <counter type="LINE" missed="61" covered="0" />
      <counter type="METHOD" missed="5" covered="0" />
      <counter type="CLASS" missed="1" covered="0" />
    </class>
    <class name="scripts/build-skill-registry" sourcefilename="build-skill-registry.ps1">
      <method name="&lt;script&gt;" desc="()" line="18">
        <counter type="INSTRUCTION" missed="53" covered="0" />
        <counter type="LINE" missed="38" covered="0" />
        <counter type="METHOD" missed="1" covered="0" />
      </method>
      <method name="Get-Frontmatter" desc="()" line="24">
        <counter type="INSTRUCTION" missed="52" covered="0" />
        <counter type="LINE" missed="28" covered="0" />
        <counter type="METHOD" missed="1" covered="0" />
      </method>
      <counter type="INSTRUCTION" missed="105" covered="0" />
      <counter type="LINE" missed="66" covered="0" />
      <counter type="METHOD" missed="2" covered="0" />
      <counter type="CLASS" missed="1" covered="0" />
    </class>
    <class name="scripts/capture-errors" sourcefilename="capture-errors.ps1">
      <method name="&lt;script&gt;" desc="()" line="56">
        <counter type="INSTRUCTION" missed="150" covered="0" />
        <counter type="LINE" missed="67" covered="0" />
        <counter type="METHOD" missed="1" covered="0" />
      </method>
      <counter type="INSTRUCTION" missed="150" covered="0" />
      <counter type="LINE" missed="67" covered="0" />
      <counter type="METHOD" missed="1" covered="0" />
      <counter type="CLASS" missed="1" covered="0" />
    </class>
    <class name="scripts/check-adversarial" sourcefilename="check-adversarial.ps1">
      <method name="&lt;script&gt;" desc="()" line="24">
        <counter type="INSTRUCTION" missed="114" covered="0" />
        <counter type="LINE" missed="74" covered="0" />
        <counter type="METHOD" missed="1" covered="0" />
      </method>
      <counter type="INSTRUCTION" missed="114" covered="0" />
      <counter type="LINE" missed="74" covered="0" />
      <counter type="METHOD" missed="1" covered="0" />
      <counter type="CLASS" missed="1" covered="0" />
    </class>
    <class name="scripts/check-backlog-integrity" sourcefilename="check-backlog-integrity.ps1">
      <method name="&lt;script&gt;" desc="()" line="22">
        <counter type="INSTRUCTION" missed="132" covered="0" />
        <counter type="LINE" missed="88" covered="0" />
        <counter type="METHOD" missed="1" covered="0" />
      </method>
      <method name="Write-ErrorJson" desc="()" line="33">
        <counter type="INSTRUCTION" missed="15" covered="0" />
        <counter type="LINE" missed="11" covered="0" />
        <counter type="METHOD" missed="1" covered="0" />
      </method>
      <method name="Add-Check" desc="()" line="50">
        <counter type="INSTRUCTION" missed="7" covered="0" />
        <counter type="LINE" missed="2" covered="0" />
        <counter type="METHOD" missed="1" covered="0" />
      </method>
      <method name="Test-CommitExistence" desc="()" line="56">
        <counter type="INSTRUCTION" missed="5" covered="0" />
        <counter type="LINE" missed="4" covered="0" />
        <counter type="METHOD" missed="1" covered="0" />
      </method>
      <counter type="INSTRUCTION" missed="159" covered="0" />
      <counter type="LINE" missed="105" covered="0" />
      <counter type="METHOD" missed="4" covered="0" />
      <counter type="CLASS" missed="1" covered="0" />
    </class>
    <class name="scripts/check-budget" sourcefilename="check-budget.ps1">
      <method name="&lt;script&gt;" desc="()" line="59">
        <counter type="INSTRUCTION" missed="58" covered="0" />
        <counter type="LINE" missed="38" covered="0" />
        <counter type="METHOD" missed="1" covered="0" />
      </method>
      <counter type="INSTRUCTION" missed="58" covered="0" />
      <counter type="LINE" missed="38" covered="0" />
      <counter type="METHOD" missed="1" covered="0" />
      <counter type="CLASS" missed="1" covered="0" />
    </class>
    <class name="scripts/check-config-drift" sourcefilename="check-config-drift.ps1">
      <method name="&lt;script&gt;" desc="()" line="15">
        <counter type="INSTRUCTION" missed="93" covered="0" />
        <counter type="LINE" missed="62" covered="0" />
        <counter type="METHOD" missed="1" covered="0" />
      </method>
      <method name="Get-SectionHash" desc="()" line="35">
        <counter type="INSTRUCTION" missed="28" covered="0" />
        <counter type="LINE" missed="12" covered="0" />
        <counter type="METHOD" missed="1" covered="0" />
      </method>
      <counter type="INSTRUCTION" missed="121" covered="0" />
      <counter type="LINE" missed="74" covered="0" />
      <counter type="METHOD" missed="2" covered="0" />
      <counter type="CLASS" missed="1" covered="0" />
    </class>
    <class name="scripts/check-deadcode" sourcefilename="check-deadcode.ps1">
      <method name="&lt;script&gt;" desc="()" line="23">
        <counter type="INSTRUCTION" missed="41" covered="0" />
        <counter type="LINE" missed="28" covered="0" />
        <counter type="METHOD" missed="1" covered="0" />
      </method>
      <counter type="INSTRUCTION" missed="41" covered="0" />
      <counter type="LINE" missed="28" covered="0" />
      <counter type="METHOD" missed="1" covered="0" />
      <counter type="CLASS" missed="1" covered="0" />
    </class>
    <class name="scripts/check-mcp-security" sourcefilename="check-mcp-security.ps1">
      <method name="&lt;script&gt;" desc="()" line="16">
        <counter type="INSTRUCTION" missed="201" covered="0" />
        <counter type="LINE" missed="133" covered="0" />
        <counter type="METHOD" missed="1" covered="0" />
      </method>
      <method name="Write-Status" desc="()" line="52">
        <counter type="INSTRUCTION" missed="2" covered="0" />
        <counter type="LINE" missed="2" covered="0" />
        <counter type="METHOD" missed="1" covered="0" />
      </method>
      <method name="Test-ArchivedServer" desc="()" line="63">
        <counter type="INSTRUCTION" missed="5" covered="0" />
        <counter type="LINE" missed="5" covered="0" />
        <counter type="METHOD" missed="1" covered="0" />
      </method>
      <method name="Test-TrustedSource" desc="()" line="75">
        <counter type="INSTRUCTION" missed="9" covered="0" />
        <counter type="LINE" missed="6" covered="0" />
        <counter type="METHOD" missed="1" covered="0" />
      </method>
      <method name="Test-HardcodedToken" desc="()" line="89">
        <counter type="INSTRUCTION" missed="8" covered="0" />
        <counter type="LINE" missed="8" covered="0" />
        <counter type="METHOD" missed="1" covered="0" />
      </method>
      <method name="Get-ServerIdentifier" desc="()" line="122">
        <counter type="INSTRUCTION" missed="4" covered="0" />
        <counter type="LINE" missed="4" covered="0" />
        <counter type="METHOD" missed="1" covered="0" />
      </method>
      <method name="Get-EstimatedToolCount" desc="()" line="132">
        <counter type="INSTRUCTION" missed="4" covered="0" />
        <counter type="LINE" missed="4" covered="0" />
        <counter type="METHOD" missed="1" covered="0" />
      </method>
      <counter type="INSTRUCTION" missed="233" covered="0" />
      <counter type="LINE" missed="162" covered="0" />
      <counter type="METHOD" missed="7" covered="0" />
      <counter type="CLASS" missed="1" covered="0" />
    </class>
    <class name="scripts/check-skill-drift" sourcefilename="check-skill-drift.ps1">
      <method name="&lt;script&gt;" desc="()" line="8">
        <counter type="INSTRUCTION" missed="196" covered="0" />
        <counter type="LINE" missed="67" covered="0" />
        <counter type="METHOD" missed="1" covered="0" />
      </method>
      <method name="Sync-AgentDefinition" desc="()" line="102">
        <counter type="INSTRUCTION" missed="56" covered="0" />
        <counter type="LINE" missed="21" covered="0" />
        <counter type="METHOD" missed="1" covered="0" />
      </method>
      <counter type="INSTRUCTION" missed="252" covered="0" />
      <counter type="LINE" missed="88" covered="0" />
      <counter type="METHOD" missed="2" covered="0" />
      <counter type="CLASS" missed="1" covered="0" />
    </class>
    <class name="scripts/check-subagent-output" sourcefilename="check-subagent-output.ps1">
      <method name="&lt;script&gt;" desc="()" line="36">
        <counter type="INSTRUCTION" missed="87" covered="0" />
        <counter type="LINE" missed="53" covered="0" />
        <counter type="METHOD" missed="1" covered="0" />
      </method>
      <method name="Validate-AgentReturnContract" desc="()" line="48">
        <counter type="INSTRUCTION" missed="33" covered="0" />
        <counter type="LINE" missed="26" covered="0" />
        <counter type="METHOD" missed="1" covered="0" />
      </method>
      <counter type="INSTRUCTION" missed="120" covered="0" />
      <counter type="LINE" missed="79" covered="0" />
      <counter type="METHOD" missed="2" covered="0" />
      <counter type="CLASS" missed="1" covered="0" />
    </class>
    <class name="scripts/check-token-budget" sourcefilename="check-token-budget.ps1">
      <method name="&lt;script&gt;" desc="()" line="31">
        <counter type="INSTRUCTION" missed="84" covered="0" />
        <counter type="LINE" missed="54" covered="0" />
        <counter type="METHOD" missed="1" covered="0" />
      </method>
      <counter type="INSTRUCTION" missed="84" covered="0" />
      <counter type="LINE" missed="54" covered="0" />
      <counter type="METHOD" missed="1" covered="0" />
      <counter type="CLASS" missed="1" covered="0" />
    </class>
    <class name="scripts/check-upstream" sourcefilename="check-upstream.ps1">
      <method name="&lt;script&gt;" desc="()" line="33">
        <counter type="INSTRUCTION" missed="173" covered="0" />
        <counter type="LINE" missed="112" covered="0" />
        <counter type="METHOD" missed="1" covered="0" />
      </method>
      <counter type="INSTRUCTION" missed="173" covered="0" />
      <counter type="LINE" missed="112" covered="0" />
      <counter type="METHOD" missed="1" covered="0" />
      <counter type="CLASS" missed="1" covered="0" />
    </class>
    <class name="scripts/check" sourcefilename="check.ps1">
      <method name="&lt;script&gt;" desc="()" line="27">
        <counter type="INSTRUCTION" missed="63" covered="0" />
        <counter type="LINE" missed="37" covered="0" />
        <counter type="METHOD" missed="1" covered="0" />
      </method>
      <method name="Add-Check" desc="()" line="36">
        <counter type="INSTRUCTION" missed="4" covered="0" />
        <counter type="LINE" missed="1" covered="0" />
        <counter type="METHOD" missed="1" covered="0" />
      </method>
      <method name="Invoke-Script" desc="()" line="41">
        <counter type="INSTRUCTION" missed="21" covered="0" />
        <counter type="LINE" missed="17" covered="0" />
        <counter type="METHOD" missed="1" covered="0" />
      </method>
      <counter type="INSTRUCTION" missed="88" covered="0" />
      <counter type="LINE" missed="55" covered="0" />
      <counter type="METHOD" missed="3" covered="0" />
      <counter type="CLASS" missed="1" covered="0" />
    </class>
    <class name="scripts/clean-repo" sourcefilename="clean-repo.ps1">
      <method name="&lt;script&gt;" desc="()" line="43">
        <counter type="INSTRUCTION" missed="148" covered="0" />
        <counter type="LINE" missed="80" covered="0" />
        <counter type="METHOD" missed="1" covered="0" />
      </method>
      <counter type="INSTRUCTION" missed="148" covered="0" />
      <counter type="LINE" missed="80" covered="0" />
      <counter type="METHOD" missed="1" covered="0" />
      <counter type="CLASS" missed="1" covered="0" />
    </class>
    <class name="scripts/close-session" sourcefilename="close-session.ps1">
      <method name="&lt;script&gt;" desc="()" line="38">
        <counter type="INSTRUCTION" missed="197" covered="0" />
        <counter type="LINE" missed="136" covered="0" />
        <counter type="METHOD" missed="1" covered="0" />
      </method>
      <counter type="INSTRUCTION" missed="197" covered="0" />
      <counter type="LINE" missed="136" covered="0" />
      <counter type="METHOD" missed="1" covered="0" />
      <counter type="CLASS" missed="1" covered="0" />
    </class>
    <class name="scripts/cross-ref-check" sourcefilename="cross-ref-check.ps1">
      <method name="&lt;script&gt;" desc="()" line="15">
        <counter type="INSTRUCTION" missed="306" covered="0" />
        <counter type="LINE" missed="179" covered="0" />
        <counter type="METHOD" missed="1" covered="0" />
      </method>
      <method name="Get-SkillDir" desc="()" line="38">
        <counter type="INSTRUCTION" missed="3" covered="0" />
        <counter type="LINE" missed="1" covered="0" />
        <counter type="METHOD" missed="1" covered="0" />
      </method>
      <method name="Read-SkillContent" desc="()" line="44">
        <counter type="INSTRUCTION" missed="6" covered="0" />
        <counter type="LINE" missed="3" covered="0" />
        <counter type="METHOD" missed="1" covered="0" />
      </method>
      <method name="Get-SkillRef" desc="()" line="52">
        <counter type="INSTRUCTION" missed="8" covered="0" />
        <counter type="LINE" missed="5" covered="0" />
        <counter type="METHOD" missed="1" covered="0" />
      </method>
      <counter type="INSTRUCTION" missed="323" covered="0" />
      <counter type="LINE" missed="188" covered="0" />
      <counter type="METHOD" missed="4" covered="0" />
      <counter type="CLASS" missed="1" covered="0" />
    </class>
    <class name="scripts/ctx-watchdog" sourcefilename="ctx-watchdog.ps1">
      <method name="&lt;script&gt;" desc="()" line="48">
        <counter type="INSTRUCTION" missed="53" covered="0" />
        <counter type="LINE" missed="51" covered="0" />
        <counter type="METHOD" missed="1" covered="0" />
      </method>
      <counter type="INSTRUCTION" missed="53" covered="0" />
      <counter type="LINE" missed="51" covered="0" />
      <counter type="METHOD" missed="1" covered="0" />
      <counter type="CLASS" missed="1" covered="0" />
    </class>
    <class name="scripts/data-pipeline" sourcefilename="data-pipeline.ps1">
      <method name="&lt;script&gt;" desc="()" line="33">
        <counter type="INSTRUCTION" missed="89" covered="0" />
        <counter type="LINE" missed="69" covered="0" />
        <counter type="METHOD" missed="1" covered="0" />
      </method>
      <counter type="INSTRUCTION" missed="89" covered="0" />
      <counter type="LINE" missed="69" covered="0" />
      <counter type="METHOD" missed="1" covered="0" />
      <counter type="CLASS" missed="1" covered="0" />
    </class>
    <class name="scripts/delegation-registry" sourcefilename="delegation-registry.ps1">
      <method name="&lt;script&gt;" desc="()" line="76">
        <counter type="INSTRUCTION" missed="208" covered="0" />
        <counter type="LINE" missed="112" covered="0" />
        <counter type="METHOD" missed="1" covered="0" />
      </method>
      <method name="Get-RegistryData" desc="()" line="108">
        <counter type="INSTRUCTION" missed="14" covered="0" />
        <counter type="LINE" missed="10" covered="0" />
        <counter type="METHOD" missed="1" covered="0" />
      </method>
      <method name="Set-RegistryData" desc="()" line="129">
        <counter type="INSTRUCTION" missed="6" covered="0" />
        <counter type="LINE" missed="4" covered="0" />
        <counter type="METHOD" missed="1" covered="0" />
      </method>
      <method name="Clear-RegistryExpired" desc="()" line="140">
        <counter type="INSTRUCTION" missed="17" covered="0" />
        <counter type="LINE" missed="11" covered="0" />
        <counter type="METHOD" missed="1" covered="0" />
      </method>
      <counter type="INSTRUCTION" missed="245" covered="0" />
      <counter type="LINE" missed="137" covered="0" />
      <counter type="METHOD" missed="4" covered="0" />
      <counter type="CLASS" missed="1" covered="0" />
    </class>
    <class name="scripts/dev-server" sourcefilename="dev-server.ps1">
      <method name="&lt;script&gt;" desc="()" line="60">
        <counter type="INSTRUCTION" missed="10" covered="0" />
        <counter type="LINE" missed="10" covered="0" />
        <counter type="METHOD" missed="1" covered="0" />
      </method>
      <method name="Get-Registry" desc="()" line="69">
        <counter type="INSTRUCTION" missed="5" covered="0" />
        <counter type="LINE" missed="4" covered="0" />
        <counter type="METHOD" missed="1" covered="0" />
      </method>
      <method name="Save-Registry" desc="()" line="78">
        <counter type="INSTRUCTION" missed="3" covered="0" />
        <counter type="LINE" missed="1" covered="0" />
        <counter type="METHOD" missed="1" covered="0" />
      </method>
      <method name="Get-ServerDir" desc="()" line="82">
        <counter type="INSTRUCTION" missed="6" covered="0" />
        <counter type="LINE" missed="3" covered="0" />
        <counter type="METHOD" missed="1" covered="0" />
      </method>
      <method name="Start-Server" desc="()" line="91">
        <counter type="INSTRUCTION" missed="73" covered="0" />
        <counter type="LINE" missed="53" covered="0" />
        <counter type="METHOD" missed="1" covered="0" />
      </method>
      <method name="Get-Status" desc="()" line="175">
        <counter type="INSTRUCTION" missed="17" covered="0" />
        <counter type="LINE" missed="11" covered="0" />
        <counter type="METHOD" missed="1" covered="0" />
      </method>
      <method name="Get-Log" desc="()" line="196">
        <counter type="INSTRUCTION" missed="23" covered="0" />
        <counter type="LINE" missed="14" covered="0" />
        <counter type="METHOD" missed="1" covered="0" />
      </method>
      <method name="Stop-Server" desc="()" line="219">
        <counter type="INSTRUCTION" missed="13" covered="0" />
        <counter type="LINE" missed="11" covered="0" />
        <counter type="METHOD" missed="1" covered="0" />
      </method>
      <method name="Get-List" desc="()" line="236">
        <counter type="INSTRUCTION" missed="14" covered="0" />
        <counter type="LINE" missed="7" covered="0" />
        <counter type="METHOD" missed="1" covered="0" />
      </method>
      <method name="Invoke-Cleanup" desc="()" line="247">
        <counter type="INSTRUCTION" missed="15" covered="0" />
        <counter type="LINE" missed="11" covered="0" />
        <counter type="METHOD" missed="1" covered="0" />
      </method>
      <counter type="INSTRUCTION" missed="179" covered="0" />
      <counter type="LINE" missed="125" covered="0" />
      <counter type="METHOD" missed="10" covered="0" />
      <counter type="CLASS" missed="1" covered="0" />
    </class>
    <class name="scripts/e2e-test" sourcefilename="e2e-test.ps1">
      <method name="&lt;script&gt;" desc="()" line="55">
        <counter type="INSTRUCTION" missed="37" covered="0" />
        <counter type="LINE" missed="32" covered="0" />
        <counter type="METHOD" missed="1" covered="0" />
      </method>
      <counter type="INSTRUCTION" missed="37" covered="0" />
      <counter type="LINE" missed="32" covered="0" />
      <counter type="METHOD" missed="1" covered="0" />
      <counter type="CLASS" missed="1" covered="0" />
    </class>
    <class name="scripts/engram-compact" sourcefilename="engram-compact.ps1">
      <method name="&lt;script&gt;" desc="()" line="40">
        <counter type="INSTRUCTION" missed="112" covered="0" />
        <counter type="LINE" missed="65" covered="0" />
        <counter type="METHOD" missed="1" covered="0" />
      </method>
      <counter type="INSTRUCTION" missed="112" covered="0" />
      <counter type="LINE" missed="65" covered="0" />
      <counter type="METHOD" missed="1" covered="0" />
      <counter type="CLASS" missed="1" covered="0" />
    </class>
    <class name="scripts/engram-validate" sourcefilename="engram-validate.ps1">
      <method name="&lt;script&gt;" desc="()" line="53">
        <counter type="INSTRUCTION" missed="5" covered="0" />
        <counter type="LINE" missed="3" covered="0" />
        <counter type="METHOD" missed="1" covered="0" />
      </method>
      <counter type="INSTRUCTION" missed="5" covered="0" />
      <counter type="LINE" missed="3" covered="0" />
      <counter type="METHOD" missed="1" covered="0" />
      <counter type="CLASS" missed="1" covered="0" />
    </class>
    <class name="scripts/ensure-tools" sourcefilename="ensure-tools.ps1">
      <method name="&lt;script&gt;" desc="()" line="12">
        <counter type="INSTRUCTION" missed="62" covered="0" />
        <counter type="LINE" missed="56" covered="0" />
        <counter type="METHOD" missed="1" covered="0" />
      </method>
      <method name="Write-VerboseOutput" desc="()" line="49">
        <counter type="INSTRUCTION" missed="2" covered="0" />
        <counter type="LINE" missed="1" covered="0" />
        <counter type="METHOD" missed="1" covered="0" />
      </method>
      <counter type="INSTRUCTION" missed="64" covered="0" />
      <counter type="LINE" missed="57" covered="0" />
      <counter type="METHOD" missed="2" covered="0" />
      <counter type="CLASS" missed="1" covered="0" />
    </class>
    <class name="scripts/extract-skill" sourcefilename="extract-skill.ps1">
      <method name="&lt;script&gt;" desc="()" line="37">
        <counter type="INSTRUCTION" missed="106" covered="0" />
        <counter type="LINE" missed="90" covered="0" />
        <counter type="METHOD" missed="1" covered="0" />
      </method>
      <counter type="INSTRUCTION" missed="106" covered="0" />
      <counter type="LINE" missed="90" covered="0" />
      <counter type="METHOD" missed="1" covered="0" />
      <counter type="CLASS" missed="1" covered="0" />
    </class>
    <class name="scripts/forge-rollback" sourcefilename="forge-rollback.ps1">
      <method name="&lt;script&gt;" desc="()" line="27">
        <counter type="INSTRUCTION" missed="99" covered="0" />
        <counter type="LINE" missed="63" covered="0" />
        <counter type="METHOD" missed="1" covered="0" />
      </method>
      <counter type="INSTRUCTION" missed="99" covered="0" />
      <counter type="LINE" missed="63" covered="0" />
      <counter type="METHOD" missed="1" covered="0" />
      <counter type="CLASS" missed="1" covered="0" />
    </class>
    <class name="scripts/gentleman-init" sourcefilename="gentleman-init.ps1">
      <method name="&lt;script&gt;" desc="()" line="16">
        <counter type="INSTRUCTION" missed="2" covered="0" />
        <counter type="LINE" missed="1" covered="0" />
        <counter type="METHOD" missed="1" covered="0" />
      </method>
      <counter type="INSTRUCTION" missed="2" covered="0" />
      <counter type="LINE" missed="1" covered="0" />
      <counter type="METHOD" missed="1" covered="0" />
      <counter type="CLASS" missed="1" covered="0" />
    </class>
    <class name="scripts/global-setup" sourcefilename="global-setup.ps1">
      <method name="&lt;script&gt;" desc="()" line="22">
        <counter type="INSTRUCTION" missed="202" covered="0" />
        <counter type="LINE" missed="91" covered="0" />
        <counter type="METHOD" missed="1" covered="0" />
      </method>
      <method name="Add-Result" desc="()" line="34">
        <counter type="INSTRUCTION" missed="12" covered="0" />
        <counter type="LINE" missed="4" covered="0" />
        <counter type="METHOD" missed="1" covered="0" />
      </method>
      <method name="Sync-File" desc="()" line="43">
        <counter type="INSTRUCTION" missed="16" covered="0" />
        <counter type="LINE" missed="9" covered="0" />
        <counter type="METHOD" missed="1" covered="0" />
      </method>
      <method name="Sync-Prompt" desc="()" line="63">
        <counter type="INSTRUCTION" missed="9" covered="0" />
        <counter type="LINE" missed="4" covered="0" />
        <counter type="METHOD" missed="1" covered="0" />
      </method>
      <counter type="INSTRUCTION" missed="239" covered="0" />
      <counter type="LINE" missed="108" covered="0" />
      <counter type="METHOD" missed="4" covered="0" />
      <counter type="CLASS" missed="1" covered="0" />
    </class>
    <class name="scripts/health-check-system" sourcefilename="health-check-system.ps1">
      <method name="&lt;script&gt;" desc="()" line="16">
        <counter type="INSTRUCTION" missed="156" covered="0" />
        <counter type="LINE" missed="108" covered="0" />
        <counter type="METHOD" missed="1" covered="0" />
      </method>
      <counter type="INSTRUCTION" missed="156" covered="0" />
      <counter type="LINE" missed="108" covered="0" />
      <counter type="METHOD" missed="1" covered="0" />
      <counter type="CLASS" missed="1" covered="0" />
    </class>
    <class name="scripts/health-check" sourcefilename="health-check.ps1">
      <method name="&lt;script&gt;" desc="()" line="38">
        <counter type="INSTRUCTION" missed="130" covered="0" />
        <counter type="LINE" missed="70" covered="0" />
        <counter type="METHOD" missed="1" covered="0" />
      </method>
      <method name="Test-Junction" desc="()" line="50">
        <counter type="INSTRUCTION" missed="28" covered="0" />
        <counter type="LINE" missed="19" covered="0" />
        <counter type="METHOD" missed="1" covered="0" />
      </method>
      <method name="Set-Junction" desc="()" line="80">
        <counter type="INSTRUCTION" missed="29" covered="0" />
        <counter type="LINE" missed="17" covered="0" />
        <counter type="METHOD" missed="1" covered="0" />
      </method>
      <method name="Repair-Junction" desc="()" line="113">
        <counter type="INSTRUCTION" missed="14" covered="0" />
        <counter type="LINE" missed="10" covered="0" />
        <counter type="METHOD" missed="1" covered="0" />
      </method>
      <counter type="INSTRUCTION" missed="201" covered="0" />
      <counter type="LINE" missed="116" covered="0" />
      <counter type="METHOD" missed="4" covered="0" />
      <counter type="CLASS" missed="1" covered="0" />
    </class>
    <class name="scripts/health-dashboard" sourcefilename="health-dashboard.ps1">
      <method name="&lt;script&gt;" desc="()" line="20">
        <counter type="INSTRUCTION" missed="65" covered="0" />
        <counter type="LINE" missed="45" covered="0" />
        <counter type="METHOD" missed="1" covered="0" />
      </method>
      <counter type="INSTRUCTION" missed="65" covered="0" />
      <counter type="LINE" missed="45" covered="0" />
      <counter type="METHOD" missed="1" covered="0" />
      <counter type="CLASS" missed="1" covered="0" />
    </class>
    <class name="scripts/help-contextual" sourcefilename="help-contextual.ps1">
      <method name="&lt;script&gt;" desc="()" line="17">
        <counter type="INSTRUCTION" missed="78" covered="0" />
        <counter type="LINE" missed="39" covered="0" />
        <counter type="METHOD" missed="1" covered="0" />
      </method>
      <counter type="INSTRUCTION" missed="78" covered="0" />
      <counter type="LINE" missed="39" covered="0" />
      <counter type="METHOD" missed="1" covered="0" />
      <counter type="CLASS" missed="1" covered="0" />
    </class>
    <class name="scripts/intake-debug" sourcefilename="intake-debug.ps1">
      <method name="&lt;script&gt;" desc="()" line="2">
        <counter type="INSTRUCTION" missed="20" covered="0" />
        <counter type="LINE" missed="16" covered="0" />
        <counter type="METHOD" missed="1" covered="0" />
      </method>
      <counter type="INSTRUCTION" missed="20" covered="0" />
      <counter type="LINE" missed="16" covered="0" />
      <counter type="METHOD" missed="1" covered="0" />
      <counter type="CLASS" missed="1" covered="0" />
    </class>
    <class name="scripts/intake-verify" sourcefilename="intake-verify.ps1">
      <method name="&lt;script&gt;" desc="()" line="4">
        <counter type="INSTRUCTION" missed="147" covered="0" />
        <counter type="LINE" missed="35" covered="0" />
        <counter type="METHOD" missed="1" covered="0" />
      </method>
      <method name="wr" desc="()" line="6">
        <counter type="INSTRUCTION" missed="8" covered="0" />
        <counter type="LINE" missed="2" covered="0" />
        <counter type="METHOD" missed="1" covered="0" />
      </method>
      <method name="sz" desc="()" line="9">
        <counter type="INSTRUCTION" missed="8" covered="0" />
        <counter type="LINE" missed="1" covered="0" />
        <counter type="METHOD" missed="1" covered="0" />
      </method>
      <method name="ic" desc="()" line="11">
        <counter type="INSTRUCTION" missed="196" covered="0" />
        <counter type="LINE" missed="54" covered="0" />
        <counter type="METHOD" missed="1" covered="0" />
      </method>
      <counter type="INSTRUCTION" missed="359" covered="0" />
      <counter type="LINE" missed="92" covered="0" />
      <counter type="METHOD" missed="4" covered="0" />
      <counter type="CLASS" missed="1" covered="0" />
    </class>
    <class name="scripts/inter-track" sourcefilename="inter-track.ps1">
      <method name="&lt;script&gt;" desc="()" line="35">
        <counter type="INSTRUCTION" missed="98" covered="0" />
        <counter type="LINE" missed="64" covered="0" />
        <counter type="METHOD" missed="1" covered="0" />
      </method>
      <method name="Invoke-TrackLocked" desc="()" line="58">
        <counter type="INSTRUCTION" missed="20" covered="0" />
        <counter type="LINE" missed="14" covered="0" />
        <counter type="METHOD" missed="1" covered="0" />
      </method>
      <counter type="INSTRUCTION" missed="118" covered="0" />
      <counter type="LINE" missed="78" covered="0" />
      <counter type="METHOD" missed="2" covered="0" />
      <counter type="CLASS" missed="1" covered="0" />
    </class>
    <class name="scripts/leak-guard" sourcefilename="leak-guard.ps1">
      <method name="&lt;script&gt;" desc="()" line="16">
        <counter type="INSTRUCTION" missed="23" covered="0" />
        <counter type="LINE" missed="17" covered="0" />
        <counter type="METHOD" missed="1" covered="0" />
      </method>
      <counter type="INSTRUCTION" missed="23" covered="0" />
      <counter type="LINE" missed="17" covered="0" />
      <counter type="METHOD" missed="1" covered="0" />
      <counter type="CLASS" missed="1" covered="0" />
    </class>
    <class name="scripts/learning-stats" sourcefilename="learning-stats.ps1">
      <method name="&lt;script&gt;" desc="()" line="19">
        <counter type="INSTRUCTION" missed="113" covered="0" />
        <counter type="LINE" missed="75" covered="0" />
        <counter type="METHOD" missed="1" covered="0" />
      </method>
      <method name="Get-FileLineCount" desc="()" line="31">
        <counter type="INSTRUCTION" missed="8" covered="0" />
        <counter type="LINE" missed="5" covered="0" />
        <counter type="METHOD" missed="1" covered="0" />
      </method>
      <method name="Get-CatalogStat" desc="()" line="40">
        <counter type="INSTRUCTION" missed="20" covered="0" />
        <counter type="LINE" missed="11" covered="0" />
        <counter type="METHOD" missed="1" covered="0" />
      </method>
      <method name="Get-LearningEntry" desc="()" line="59">
        <counter type="INSTRUCTION" missed="22" covered="0" />
        <counter type="LINE" missed="19" covered="0" />
        <counter type="METHOD" missed="1" covered="0" />
      </method>
      <method name="Get-ErrorEntry" desc="()" line="86">
        <counter type="INSTRUCTION" missed="20" covered="0" />
        <counter type="LINE" missed="17" covered="0" />
        <counter type="METHOD" missed="1" covered="0" />
      </method>
      <counter type="INSTRUCTION" missed="183" covered="0" />
      <counter type="LINE" missed="127" covered="0" />
      <counter type="METHOD" missed="5" covered="0" />
      <counter type="CLASS" missed="1" covered="0" />
    </class>
    <class name="scripts/list-skills" sourcefilename="list-skills.ps1">
      <method name="&lt;script&gt;" desc="()" line="42">
        <counter type="INSTRUCTION" missed="98" covered="0" />
        <counter type="LINE" missed="61" covered="0" />
        <counter type="METHOD" missed="1" covered="0" />
      </method>
      <counter type="INSTRUCTION" missed="98" covered="0" />
      <counter type="LINE" missed="61" covered="0" />
      <counter type="METHOD" missed="1" covered="0" />
      <counter type="CLASS" missed="1" covered="0" />
    </class>
    <class name="scripts/mode-gate" sourcefilename="mode-gate.ps1">
      <method name="&lt;script&gt;" desc="()" line="47">
        <counter type="INSTRUCTION" missed="123" covered="0" />
        <counter type="LINE" missed="85" covered="0" />
        <counter type="METHOD" missed="1" covered="0" />
      </method>
      <method name="Test-SuffixedAgentPresence" desc="()" line="140">
        <counter type="INSTRUCTION" missed="22" covered="0" />
        <counter type="LINE" missed="14" covered="0" />
        <counter type="METHOD" missed="1" covered="0" />
      </method>
      <counter type="INSTRUCTION" missed="145" covered="0" />
      <counter type="LINE" missed="99" covered="0" />
      <counter type="METHOD" missed="2" covered="0" />
      <counter type="CLASS" missed="1" covered="0" />
    </class>
    <class name="scripts/pattern-guard" sourcefilename="pattern-guard.ps1">
      <method name="&lt;script&gt;" desc="()" line="29">
        <counter type="INSTRUCTION" missed="103" covered="0" />
        <counter type="LINE" missed="65" covered="0" />
        <counter type="METHOD" missed="1" covered="0" />
      </method>
      <method name="Invoke-LazyDetection" desc="()" line="51">
        <counter type="INSTRUCTION" missed="46" covered="0" />
        <counter type="LINE" missed="31" covered="0" />
        <counter type="METHOD" missed="1" covered="0" />
      </method>
      <counter type="INSTRUCTION" missed="149" covered="0" />
      <counter type="LINE" missed="96" covered="0" />
      <counter type="METHOD" missed="2" covered="0" />
      <counter type="CLASS" missed="1" covered="0" />
    </class>
    <class name="scripts/permission-gate" sourcefilename="permission-gate.ps1">
      <method name="&lt;script&gt;" desc="()" line="43">
        <counter type="INSTRUCTION" missed="48" covered="0" />
        <counter type="LINE" missed="42" covered="0" />
        <counter type="METHOD" missed="1" covered="0" />
      </method>
      <counter type="INSTRUCTION" missed="48" covered="0" />
      <counter type="LINE" missed="42" covered="0" />
      <counter type="METHOD" missed="1" covered="0" />
      <counter type="CLASS" missed="1" covered="0" />
    </class>
    <class name="scripts/pipeline-analyze" sourcefilename="pipeline-analyze.ps1">
      <method name="&lt;script&gt;" desc="()" line="31">
        <counter type="INSTRUCTION" missed="84" covered="0" />
        <counter type="LINE" missed="58" covered="0" />
        <counter type="METHOD" missed="1" covered="0" />
      </method>
      <method name="Get-GitInfo" desc="()" line="48">
        <counter type="INSTRUCTION" missed="24" covered="0" />
        <counter type="LINE" missed="16" covered="0" />
        <counter type="METHOD" missed="1" covered="0" />
      </method>
      <method name="Get-ProjectScore" desc="()" line="71">
        <counter type="INSTRUCTION" missed="14" covered="0" />
        <counter type="LINE" missed="10" covered="0" />
        <counter type="METHOD" missed="1" covered="0" />
      </method>
      <method name="Get-Structure" desc="()" line="88">
        <counter type="INSTRUCTION" missed="24" covered="0" />
        <counter type="LINE" missed="10" covered="0" />
        <counter type="METHOD" missed="1" covered="0" />
      </method>
      <method name="Get-ProjectType" desc="()" line="103">
        <counter type="INSTRUCTION" missed="14" covered="0" />
        <counter type="LINE" missed="8" covered="0" />
        <counter type="METHOD" missed="1" covered="0" />
      </method>
      <counter type="INSTRUCTION" missed="160" covered="0" />
      <counter type="LINE" missed="102" covered="0" />
      <counter type="METHOD" missed="5" covered="0" />
      <counter type="CLASS" missed="1" covered="0" />
    </class>
    <class name="scripts/ponytail-audit" sourcefilename="ponytail-audit.ps1">
      <method name="&lt;script&gt;" desc="()" line="2">
        <counter type="INSTRUCTION" missed="160" covered="0" />
        <counter type="LINE" missed="102" covered="0" />
        <counter type="METHOD" missed="1" covered="0" />
      </method>
      <method name="ShouldSkip" desc="()" line="46">
        <counter type="INSTRUCTION" missed="3" covered="0" />
        <counter type="LINE" missed="2" covered="0" />
        <counter type="METHOD" missed="1" covered="0" />
      </method>
      <counter type="INSTRUCTION" missed="163" covered="0" />
      <counter type="LINE" missed="104" covered="0" />
      <counter type="METHOD" missed="2" covered="0" />
      <counter type="CLASS" missed="1" covered="0" />
    </class>
    <class name="scripts/post-delegation-check" sourcefilename="post-delegation-check.ps1">
      <method name="&lt;script&gt;" desc="()" line="48">
        <counter type="INSTRUCTION" missed="117" covered="0" />
        <counter type="LINE" missed="70" covered="0" />
        <counter type="METHOD" missed="1" covered="0" />
      </method>
      <method name="ConvertTo-SqlLiteral" desc="()" line="58">
        <counter type="INSTRUCTION" missed="1" covered="0" />
        <counter type="LINE" missed="1" covered="0" />
        <counter type="METHOD" missed="1" covered="0" />
      </method>
      <method name="Invoke-SubprocessWithTimeout" desc="()" line="65">
        <counter type="INSTRUCTION" missed="33" covered="0" />
        <counter type="LINE" missed="16" covered="0" />
        <counter type="METHOD" missed="1" covered="0" />
      </method>
      <counter type="INSTRUCTION" missed="151" covered="0" />
      <counter type="LINE" missed="87" covered="0" />
      <counter type="METHOD" missed="3" covered="0" />
      <counter type="CLASS" missed="1" covered="0" />
    </class>
    <class name="scripts/project-cycle" sourcefilename="project-cycle.ps1">
      <method name="&lt;script&gt;" desc="()" line="16">
        <counter type="INSTRUCTION" missed="278" covered="0" />
        <counter type="LINE" missed="40" covered="0" />
        <counter type="METHOD" missed="1" covered="0" />
      </method>
      <counter type="INSTRUCTION" missed="278" covered="0" />
      <counter type="LINE" missed="40" covered="0" />
      <counter type="METHOD" missed="1" covered="0" />
      <counter type="CLASS" missed="1" covered="0" />
    </class>
    <class name="scripts/project-profile" sourcefilename="project-profile.ps1">
      <method name="&lt;script&gt;" desc="()" line="20">
        <counter type="INSTRUCTION" missed="193" covered="0" />
        <counter type="LINE" missed="134" covered="0" />
        <counter type="METHOD" missed="1" covered="0" />
      </method>
      <method name="Get-File" desc="()" line="28">
        <counter type="INSTRUCTION" missed="4" covered="0" />
        <counter type="LINE" missed="3" covered="0" />
        <counter type="METHOD" missed="1" covered="0" />
      </method>
      <counter type="INSTRUCTION" missed="197" covered="0" />
      <counter type="LINE" missed="137" covered="0" />
      <counter type="METHOD" missed="2" covered="0" />
      <counter type="CLASS" missed="1" covered="0" />
    </class>
    <class name="scripts/pssa-gate" sourcefilename="pssa-gate.ps1">
      <method name="&lt;script&gt;" desc="()" line="9">
        <counter type="INSTRUCTION" missed="310" covered="0" />
        <counter type="LINE" missed="93" covered="0" />
        <counter type="METHOD" missed="1" covered="0" />
      </method>
      <method name="Write-Status" desc="()" line="14">
        <counter type="INSTRUCTION" missed="2" covered="0" />
        <counter type="LINE" missed="1" covered="0" />
        <counter type="METHOD" missed="1" covered="0" />
      </method>
      <method name="Get-PSSAViolation" desc="()" line="16">
        <counter type="INSTRUCTION" missed="10" covered="0" />
        <counter type="LINE" missed="2" covered="0" />
        <counter type="METHOD" missed="1" covered="0" />
      </method>
      <method name="Get-FullPath" desc="()" line="19">
        <counter type="INSTRUCTION" missed="17" covered="0" />
        <counter type="LINE" missed="5" covered="0" />
        <counter type="METHOD" missed="1" covered="0" />
      </method>
      <method name="Get-PSSACacheKey" desc="()" line="26">
        <counter type="INSTRUCTION" missed="2" covered="0" />
        <counter type="LINE" missed="1" covered="0" />
        <counter type="METHOD" missed="1" covered="0" />
      </method>
      <method name="Get-PSSACachePath" desc="()" line="28">
        <counter type="INSTRUCTION" missed="13" covered="0" />
        <counter type="LINE" missed="5" covered="0" />
        <counter type="METHOD" missed="1" covered="0" />
      </method>
      <method name="Restore-PSSAViolation" desc="()" line="34">
        <counter type="INSTRUCTION" missed="10" covered="0" />
        <counter type="LINE" missed="1" covered="0" />
        <counter type="METHOD" missed="1" covered="0" />
      </method>
      <method name="Read-PSSACache" desc="()" line="36">
        <counter type="INSTRUCTION" missed="8" covered="0" />
        <counter type="LINE" missed="6" covered="0" />
        <counter type="METHOD" missed="1" covered="0" />
      </method>
      <method name="Save-PSSACache" desc="()" line="46">
        <counter type="INSTRUCTION" missed="23" covered="0" />
        <counter type="LINE" missed="11" covered="0" />
        <counter type="METHOD" missed="1" covered="0" />
      </method>
      <method name="Resolve-BomEncoding" desc="()" line="60">
        <counter type="INSTRUCTION" missed="29" covered="0" />
        <counter type="LINE" missed="7" covered="0" />
        <counter type="METHOD" missed="1" covered="0" />
      </method>
      <method name="Resolve-SwitchDefault" desc="()" line="68">
        <counter type="INSTRUCTION" missed="25" covered="0" />
        <counter type="LINE" missed="6" covered="0" />
        <counter type="METHOD" missed="1" covered="0" />
      </method>
      <method name="Save-Baseline" desc="()" line="76">
        <counter type="INSTRUCTION" missed="47" covered="0" />
        <counter type="LINE" missed="3" covered="0" />
        <counter type="METHOD" missed="1" covered="0" />
      </method>
      <counter type="INSTRUCTION" missed="496" covered="0" />
      <counter type="LINE" missed="141" covered="0" />
      <counter type="METHOD" missed="12" covered="0" />
      <counter type="CLASS" missed="1" covered="0" />
    </class>
    <class name="scripts/pull-upstream" sourcefilename="pull-upstream.ps1">
      <method name="&lt;script&gt;" desc="()" line="32">
        <counter type="INSTRUCTION" missed="212" covered="0" />
        <counter type="LINE" missed="121" covered="0" />
        <counter type="METHOD" missed="1" covered="0" />
      </method>
      <method name="Test-GitRemote" desc="()" line="50">
        <counter type="INSTRUCTION" missed="2" covered="0" />
        <counter type="LINE" missed="1" covered="0" />
        <counter type="METHOD" missed="1" covered="0" />
      </method>
      <method name="Get-FileHashTable" desc="()" line="55">
        <counter type="INSTRUCTION" missed="11" covered="0" />
        <counter type="LINE" missed="9" covered="0" />
        <counter type="METHOD" missed="1" covered="0" />
      </method>
      <method name="Convert-LocalToUpstreamPath" desc="()" line="72">
        <counter type="INSTRUCTION" missed="6" covered="0" />
        <counter type="LINE" missed="6" covered="0" />
        <counter type="METHOD" missed="1" covered="0" />
      </method>
      <counter type="INSTRUCTION" missed="231" covered="0" />
      <counter type="LINE" missed="137" covered="0" />
      <counter type="METHOD" missed="4" covered="0" />
      <counter type="CLASS" missed="1" covered="0" />
    </class>
    <class name="scripts/regenerate-opencode" sourcefilename="regenerate-opencode.ps1">
      <method name="&lt;script&gt;" desc="()" line="39">
        <counter type="INSTRUCTION" missed="178" covered="0" />
        <counter type="LINE" missed="85" covered="0" />
        <counter type="METHOD" missed="1" covered="0" />
      </method>
      <method name="Add-Check" desc="()" line="65">
        <counter type="INSTRUCTION" missed="4" covered="0" />
        <counter type="LINE" missed="1" covered="0" />
        <counter type="METHOD" missed="1" covered="0" />
      </method>
      <counter type="INSTRUCTION" missed="182" covered="0" />
      <counter type="LINE" missed="86" covered="0" />
      <counter type="METHOD" missed="2" covered="0" />
      <counter type="CLASS" missed="1" covered="0" />
    </class>
    <class name="scripts/restore-project-score" sourcefilename="restore-project-score.ps1">
      <method name="&lt;script&gt;" desc="()" line="9">
        <counter type="INSTRUCTION" missed="51" covered="0" />
        <counter type="LINE" missed="34" covered="0" />
        <counter type="METHOD" missed="1" covered="0" />
      </method>
      <counter type="INSTRUCTION" missed="51" covered="0" />
      <counter type="LINE" missed="34" covered="0" />
      <counter type="METHOD" missed="1" covered="0" />
      <counter type="CLASS" missed="1" covered="0" />
    </class>
    <class name="scripts/restore" sourcefilename="restore.ps1">
      <method name="&lt;script&gt;" desc="()" line="15">
        <counter type="INSTRUCTION" missed="54" covered="0" />
        <counter type="LINE" missed="25" covered="0" />
        <counter type="METHOD" missed="1" covered="0" />
      </method>
      <counter type="INSTRUCTION" missed="54" covered="0" />
      <counter type="LINE" missed="25" covered="0" />
      <counter type="METHOD" missed="1" covered="0" />
      <counter type="CLASS" missed="1" covered="0" />
    </class>
    <class name="scripts/route-agent" sourcefilename="route-agent.ps1">
      <method name="&lt;script&gt;" desc="()" line="47">
        <counter type="INSTRUCTION" missed="50" covered="0" />
        <counter type="LINE" missed="41" covered="0" />
        <counter type="METHOD" missed="1" covered="0" />
      </method>
      <counter type="INSTRUCTION" missed="50" covered="0" />
      <counter type="LINE" missed="41" covered="0" />
      <counter type="METHOD" missed="1" covered="0" />
      <counter type="CLASS" missed="1" covered="0" />
    </class>
    <class name="scripts/run-dreaming" sourcefilename="run-dreaming.ps1">
      <method name="&lt;script&gt;" desc="()" line="21">
        <counter type="INSTRUCTION" missed="167" covered="0" />
        <counter type="LINE" missed="95" covered="0" />
        <counter type="METHOD" missed="1" covered="0" />
      </method>
      <method name="Write-LogMessage" desc="()" line="35">
        <counter type="INSTRUCTION" missed="4" covered="0" />
        <counter type="LINE" missed="3" covered="0" />
        <counter type="METHOD" missed="1" covered="0" />
      </method>
      <method name="Test-ShouldSkipLine" desc="()" line="45">
        <counter type="INSTRUCTION" missed="3" covered="0" />
        <counter type="LINE" missed="1" covered="0" />
        <counter type="METHOD" missed="1" covered="0" />
      </method>
      <method name="Get-ErrorPattern" desc="()" line="50">
        <counter type="INSTRUCTION" missed="24" covered="0" />
        <counter type="LINE" missed="21" covered="0" />
        <counter type="METHOD" missed="1" covered="0" />
      </method>
      <method name="Get-LearningPattern" desc="()" line="83">
        <counter type="INSTRUCTION" missed="18" covered="0" />
        <counter type="LINE" missed="17" covered="0" />
        <counter type="METHOD" missed="1" covered="0" />
      </method>
      <method name="Get-RepeatedPattern" desc="()" line="111">
        <counter type="INSTRUCTION" missed="6" covered="0" />
        <counter type="LINE" missed="6" covered="0" />
        <counter type="METHOD" missed="1" covered="0" />
      </method>
      <counter type="INSTRUCTION" missed="222" covered="0" />
      <counter type="LINE" missed="143" covered="0" />
      <counter type="METHOD" missed="6" covered="0" />
      <counter type="CLASS" missed="1" covered="0" />
    </class>
    <class name="scripts/run-improvement-cycle" sourcefilename="run-improvement-cycle.ps1">
      <method name="&lt;script&gt;" desc="()" line="7">
        <counter type="INSTRUCTION" missed="152" covered="0" />
        <counter type="LINE" missed="82" covered="0" />
        <counter type="METHOD" missed="1" covered="0" />
      </method>
      <counter type="INSTRUCTION" missed="152" covered="0" />
      <counter type="LINE" missed="82" covered="0" />
      <counter type="METHOD" missed="1" covered="0" />
      <counter type="CLASS" missed="1" covered="0" />
    </class>
    <class name="scripts/run-tests" sourcefilename="run-tests.ps1">
      <method name="&lt;script&gt;" desc="()" line="27">
        <counter type="INSTRUCTION" missed="117" covered="0" />
        <counter type="LINE" missed="75" covered="0" />
        <counter type="METHOD" missed="1" covered="0" />
      </method>
      <counter type="INSTRUCTION" missed="117" covered="0" />
      <counter type="LINE" missed="75" covered="0" />
      <counter type="METHOD" missed="1" covered="0" />
      <counter type="CLASS" missed="1" covered="0" />
    </class>
    <class name="scripts/run" sourcefilename="run.ps1">
      <method name="&lt;script&gt;" desc="()" line="3">
        <counter type="INSTRUCTION" missed="33" covered="0" />
        <counter type="LINE" missed="22" covered="0" />
        <counter type="METHOD" missed="1" covered="0" />
      </method>
      <counter type="INSTRUCTION" missed="33" covered="0" />
      <counter type="LINE" missed="22" covered="0" />
      <counter type="METHOD" missed="1" covered="0" />
      <counter type="CLASS" missed="1" covered="0" />
    </class>
    <class name="scripts/scan-skills" sourcefilename="scan-skills.ps1">
      <method name="&lt;script&gt;" desc="()" line="26">
        <counter type="INSTRUCTION" missed="162" covered="0" />
        <counter type="LINE" missed="114" covered="0" />
        <counter type="METHOD" missed="1" covered="0" />
      </method>
      <counter type="INSTRUCTION" missed="162" covered="0" />
      <counter type="LINE" missed="114" covered="0" />
      <counter type="METHOD" missed="1" covered="0" />
      <counter type="CLASS" missed="1" covered="0" />
    </class>
    <class name="scripts/score-auto" sourcefilename="score-auto.ps1">
      <method name="&lt;script&gt;" desc="()" line="25">
        <counter type="INSTRUCTION" missed="234" covered="0" />
        <counter type="LINE" missed="145" covered="0" />
        <counter type="METHOD" missed="1" covered="0" />
      </method>
      <method name="Add-Dimension" desc="()" line="95">
        <counter type="INSTRUCTION" missed="4" covered="0" />
        <counter type="LINE" missed="1" covered="0" />
        <counter type="METHOD" missed="1" covered="0" />
      </method>
      <counter type="INSTRUCTION" missed="238" covered="0" />
      <counter type="LINE" missed="146" covered="0" />
      <counter type="METHOD" missed="2" covered="0" />
      <counter type="CLASS" missed="1" covered="0" />
    </class>
    <class name="scripts/session-miner" sourcefilename="session-miner.ps1">
      <method name="&lt;script&gt;" desc="()" line="4">
        <counter type="INSTRUCTION" missed="194" covered="0" />
        <counter type="LINE" missed="61" covered="0" />
        <counter type="METHOD" missed="1" covered="0" />
      </method>
      <method name="rc" desc="()" line="11">
        <counter type="INSTRUCTION" missed="27" covered="0" />
        <counter type="LINE" missed="7" covered="0" />
        <counter type="METHOD" missed="1" covered="0" />
      </method>
      <method name="rl" desc="()" line="18">
        <counter type="INSTRUCTION" missed="14" covered="0" />
        <counter type="LINE" missed="4" covered="0" />
        <counter type="METHOD" missed="1" covered="0" />
      </method>
      <method name="re" desc="()" line="22">
        <counter type="INSTRUCTION" missed="14" covered="0" />
        <counter type="LINE" missed="4" covered="0" />
        <counter type="METHOD" missed="1" covered="0" />
      </method>
      <method name="frp" desc="()" line="27">
        <counter type="INSTRUCTION" missed="18" covered="0" />
        <counter type="LINE" missed="4" covered="0" />
        <counter type="METHOD" missed="1" covered="0" />
      </method>
      <counter type="INSTRUCTION" missed="267" covered="0" />
      <counter type="LINE" missed="80" covered="0" />
      <counter type="METHOD" missed="5" covered="0" />
      <counter type="CLASS" missed="1" covered="0" />
    </class>
    <class name="scripts/setup-install" sourcefilename="setup-install.ps1">
      <method name="&lt;script&gt;" desc="()" line="18">
        <counter type="INSTRUCTION" missed="20" covered="0" />
        <counter type="LINE" missed="18" covered="0" />
        <counter type="METHOD" missed="1" covered="0" />
      </method>
      <counter type="INSTRUCTION" missed="20" covered="0" />
      <counter type="LINE" missed="18" covered="0" />
      <counter type="METHOD" missed="1" covered="0" />
      <counter type="CLASS" missed="1" covered="0" />
    </class>
    <class name="scripts/setup-machine" sourcefilename="setup-machine.ps1">
      <method name="&lt;script&gt;" desc="()" line="31">
        <counter type="INSTRUCTION" missed="367" covered="0" />
        <counter type="LINE" missed="214" covered="0" />
        <counter type="METHOD" missed="1" covered="0" />
      </method>
      <method name="info" desc="()" line="44">
        <counter type="INSTRUCTION" missed="2" covered="0" />
        <counter type="LINE" missed="1" covered="0" />
        <counter type="METHOD" missed="1" covered="0" />
      </method>
      <method name="ok" desc="()" line="45">
        <counter type="INSTRUCTION" missed="2" covered="0" />
        <counter type="LINE" missed="1" covered="0" />
        <counter type="METHOD" missed="1" covered="0" />
      </method>
      <method name="warn" desc="()" line="46">
        <counter type="INSTRUCTION" missed="2" covered="0" />
        <counter type="LINE" missed="1" covered="0" />
        <counter type="METHOD" missed="1" covered="0" />
      </method>
      <method name="err" desc="()" line="47">
        <counter type="INSTRUCTION" missed="4" covered="0" />
        <counter type="LINE" missed="1" covered="0" />
        <counter type="METHOD" missed="1" covered="0" />
      </method>
      <method name="skip" desc="()" line="48">
        <counter type="INSTRUCTION" missed="2" covered="0" />
        <counter type="LINE" missed="1" covered="0" />
        <counter type="METHOD" missed="1" covered="0" />
      </method>
      <method name="Install-McpServer" desc="()" line="207">
        <counter type="INSTRUCTION" missed="17" covered="0" />
        <counter type="LINE" missed="4" covered="0" />
        <counter type="METHOD" missed="1" covered="0" />
      </method>
      <counter type="INSTRUCTION" missed="396" covered="0" />
      <counter type="LINE" missed="223" covered="0" />
      <counter type="METHOD" missed="7" covered="0" />
      <counter type="CLASS" missed="1" covered="0" />
    </class>
    <class name="scripts/skill-graph" sourcefilename="skill-graph.ps1">
      <method name="&lt;script&gt;" desc="()" line="30">
        <counter type="INSTRUCTION" missed="178" covered="0" />
        <counter type="LINE" missed="65" covered="0" />
        <counter type="METHOD" missed="1" covered="0" />
      </method>
      <method name="Get-FileSha256" desc="()" line="53">
        <counter type="INSTRUCTION" missed="4" covered="0" />
        <counter type="LINE" missed="4" covered="0" />
        <counter type="METHOD" missed="1" covered="0" />
      </method>
      <method name="Get-SkillRegistry" desc="()" line="81">
        <counter type="INSTRUCTION" missed="91" covered="0" />
        <counter type="LINE" missed="50" covered="0" />
        <counter type="METHOD" missed="1" covered="0" />
      </method>
      <method name="New-Graph" desc="()" line="178">
        <counter type="INSTRUCTION" missed="18" covered="0" />
        <counter type="LINE" missed="13" covered="0" />
        <counter type="METHOD" missed="1" covered="0" />
      </method>
      <method name="Resolve-Skill" desc="()" line="205">
        <counter type="INSTRUCTION" missed="75" covered="0" />
        <counter type="LINE" missed="40" covered="0" />
        <counter type="METHOD" missed="1" covered="0" />
      </method>
      <method name="Get-AgentRecommendation" desc="()" line="282">
        <counter type="INSTRUCTION" missed="26" covered="0" />
        <counter type="LINE" missed="11" covered="0" />
        <counter type="METHOD" missed="1" covered="0" />
      </method>
      <counter type="INSTRUCTION" missed="392" covered="0" />
      <counter type="LINE" missed="183" covered="0" />
      <counter type="METHOD" missed="6" covered="0" />
      <counter type="CLASS" missed="1" covered="0" />
    </class>
    <class name="scripts/skill-resolver-fast" sourcefilename="skill-resolver-fast.ps1">
      <method name="&lt;script&gt;" desc="()" line="24">
        <counter type="INSTRUCTION" missed="51" covered="0" />
        <counter type="LINE" missed="43" covered="0" />
        <counter type="METHOD" missed="1" covered="0" />
      </method>
      <counter type="INSTRUCTION" missed="51" covered="0" />
      <counter type="LINE" missed="43" covered="0" />
      <counter type="METHOD" missed="1" covered="0" />
      <counter type="CLASS" missed="1" covered="0" />
    </class>
    <class name="scripts/skill-validate" sourcefilename="skill-validate.ps1">
      <method name="&lt;script&gt;" desc="()" line="43">
        <counter type="INSTRUCTION" missed="131" covered="0" />
        <counter type="LINE" missed="99" covered="0" />
        <counter type="METHOD" missed="1" covered="0" />
      </method>
      <method name="Get-Delta" desc="()" line="61">
        <counter type="INSTRUCTION" missed="14" covered="0" />
        <counter type="LINE" missed="5" covered="0" />
        <counter type="METHOD" missed="1" covered="0" />
      </method>
      <method name="Get-Num" desc="()" line="76">
        <counter type="INSTRUCTION" missed="2" covered="0" />
        <counter type="LINE" missed="1" covered="0" />
        <counter type="METHOD" missed="1" covered="0" />
      </method>
      <counter type="INSTRUCTION" missed="147" covered="0" />
      <counter type="LINE" missed="105" covered="0" />
      <counter type="METHOD" missed="3" covered="0" />
      <counter type="CLASS" missed="1" covered="0" />
    </class>
    <class name="scripts/skillspector-gate" sourcefilename="skillspector-gate.ps1">
      <method name="&lt;script&gt;" desc="()" line="39">
        <counter type="INSTRUCTION" missed="79" covered="0" />
        <counter type="LINE" missed="51" covered="0" />
        <counter type="METHOD" missed="1" covered="0" />
      </method>
      <method name="Write-Report" desc="()" line="56">
        <counter type="INSTRUCTION" missed="71" covered="0" />
        <counter type="LINE" missed="48" covered="0" />
        <counter type="METHOD" missed="1" covered="0" />
      </method>
      <method name="Invoke-Scan" desc="()" line="137">
        <counter type="INSTRUCTION" missed="15" covered="0" />
        <counter type="LINE" missed="13" covered="0" />
        <counter type="METHOD" missed="1" covered="0" />
      </method>
      <counter type="INSTRUCTION" missed="165" covered="0" />
      <counter type="LINE" missed="112" covered="0" />
      <counter type="METHOD" missed="3" covered="0" />
      <counter type="CLASS" missed="1" covered="0" />
    </class>
    <class name="scripts/switch-mode" sourcefilename="switch-mode.ps1">
      <method name="&lt;script&gt;" desc="()" line="49">
        <counter type="INSTRUCTION" missed="67" covered="0" />
        <counter type="LINE" missed="44" covered="0" />
        <counter type="METHOD" missed="1" covered="0" />
      </method>
      <method name="Get-CurrentMode" desc="()" line="82">
        <counter type="INSTRUCTION" missed="4" covered="0" />
        <counter type="LINE" missed="3" covered="0" />
        <counter type="METHOD" missed="1" covered="0" />
      </method>
      <method name="Show-Banner" desc="()" line="90">
        <counter type="INSTRUCTION" missed="22" covered="0" />
        <counter type="LINE" missed="20" covered="0" />
        <counter type="METHOD" missed="1" covered="0" />
      </method>
      <method name="Show-ModeDetail" desc="()" line="115">
        <counter type="INSTRUCTION" missed="7" covered="0" />
        <counter type="LINE" missed="7" covered="0" />
        <counter type="METHOD" missed="1" covered="0" />
      </method>
      <counter type="INSTRUCTION" missed="100" covered="0" />
      <counter type="LINE" missed="74" covered="0" />
      <counter type="METHOD" missed="4" covered="0" />
      <counter type="CLASS" missed="1" covered="0" />
    </class>
    <class name="scripts/sync-all" sourcefilename="sync-all.ps1">
      <method name="&lt;script&gt;" desc="()" line="20">
        <counter type="INSTRUCTION" missed="105" covered="0" />
        <counter type="LINE" missed="58" covered="0" />
        <counter type="METHOD" missed="1" covered="0" />
      </method>
      <counter type="INSTRUCTION" missed="105" covered="0" />
      <counter type="LINE" missed="58" covered="0" />
      <counter type="METHOD" missed="1" covered="0" />
      <counter type="CLASS" missed="1" covered="0" />
    </class>
    <class name="scripts/sync-global-ps5" sourcefilename="sync-global-ps5.ps1">
      <method name="Get-GlobalConfigDir" desc="()" line="13">
        <counter type="INSTRUCTION" missed="5" covered="0" />
        <counter type="LINE" missed="2" covered="0" />
        <counter type="METHOD" missed="1" covered="0" />
      </method>
      <method name="New-CrossPlatLink" desc="()" line="19">
        <counter type="INSTRUCTION" missed="7" covered="0" />
        <counter type="LINE" missed="2" covered="0" />
        <counter type="METHOD" missed="1" covered="0" />
      </method>
      <method name="&lt;script&gt;" desc="()" line="23">
        <counter type="INSTRUCTION" missed="99" covered="0" />
        <counter type="LINE" missed="42" covered="0" />
        <counter type="METHOD" missed="1" covered="0" />
      </method>
      <method name="Sync-DirectoryFile" desc="()" line="33">
        <counter type="INSTRUCTION" missed="18" covered="0" />
        <counter type="LINE" missed="7" covered="0" />
        <counter type="METHOD" missed="1" covered="0" />
      </method>
      <method name="Sync-SingleFile" desc="()" line="45">
        <counter type="INSTRUCTION" missed="13" covered="0" />
        <counter type="LINE" missed="4" covered="0" />
        <counter type="METHOD" missed="1" covered="0" />
      </method>
      <counter type="INSTRUCTION" missed="142" covered="0" />
      <counter type="LINE" missed="57" covered="0" />
      <counter type="METHOD" missed="5" covered="0" />
      <counter type="CLASS" missed="1" covered="0" />
    </class>
    <class name="scripts/sync-global" sourcefilename="sync-global.ps1">
      <method name="&lt;script&gt;" desc="()" line="13">
        <counter type="INSTRUCTION" missed="239" covered="0" />
        <counter type="LINE" missed="68" covered="0" />
        <counter type="METHOD" missed="1" covered="0" />
      </method>
      <method name="Write-Step" desc="()" line="24">
        <counter type="INSTRUCTION" missed="8" covered="0" />
        <counter type="LINE" missed="1" covered="0" />
        <counter type="METHOD" missed="1" covered="0" />
      </method>
      <counter type="INSTRUCTION" missed="247" covered="0" />
      <counter type="LINE" missed="69" covered="0" />
      <counter type="METHOD" missed="2" covered="0" />
      <counter type="CLASS" missed="1" covered="0" />
    </class>
    <class name="scripts/sync-vmk" sourcefilename="sync-vmk.ps1">
      <method name="&lt;script&gt;" desc="()" line="24">
        <counter type="INSTRUCTION" missed="59" covered="0" />
        <counter type="LINE" missed="28" covered="0" />
        <counter type="METHOD" missed="1" covered="0" />
      </method>
      <method name="Sync-Config" desc="()" line="47">
        <counter type="INSTRUCTION" missed="152" covered="0" />
        <counter type="LINE" missed="74" covered="0" />
        <counter type="METHOD" missed="1" covered="0" />
      </method>
      <counter type="INSTRUCTION" missed="211" covered="0" />
      <counter type="LINE" missed="102" covered="0" />
      <counter type="METHOD" missed="2" covered="0" />
      <counter type="CLASS" missed="1" covered="0" />
    </class>
    <class name="scripts/test-downstream" sourcefilename="test-downstream.ps1">
      <method name="&lt;script&gt;" desc="()" line="7">
        <counter type="INSTRUCTION" missed="135" covered="0" />
        <counter type="LINE" missed="38" covered="0" />
        <counter type="METHOD" missed="1" covered="0" />
      </method>
      <method name="AR" desc="()" line="10">
        <counter type="INSTRUCTION" missed="7" covered="0" />
        <counter type="LINE" missed="1" covered="0" />
        <counter type="METHOD" missed="1" covered="0" />
      </method>
      <method name="TSF" desc="()" line="11">
        <counter type="INSTRUCTION" missed="7" covered="0" />
        <counter type="LINE" missed="1" covered="0" />
        <counter type="METHOD" missed="1" covered="0" />
      </method>
      <method name="GSC" desc="()" line="12">
        <counter type="INSTRUCTION" missed="3" covered="0" />
        <counter type="LINE" missed="1" covered="0" />
        <counter type="METHOD" missed="1" covered="0" />
      </method>
      <counter type="INSTRUCTION" missed="152" covered="0" />
      <counter type="LINE" missed="41" covered="0" />
      <counter type="METHOD" missed="4" covered="0" />
      <counter type="CLASS" missed="1" covered="0" />
    </class>
    <class name="scripts/token-count" sourcefilename="token-count.ps1">
      <method name="&lt;script&gt;" desc="()" line="27">
        <counter type="INSTRUCTION" missed="52" covered="0" />
        <counter type="LINE" missed="33" covered="0" />
        <counter type="METHOD" missed="1" covered="0" />
      </method>
      <method name="Get-TokenCount" desc="()" line="34">
        <counter type="INSTRUCTION" missed="3" covered="0" />
        <counter type="LINE" missed="2" covered="0" />
        <counter type="METHOD" missed="1" covered="0" />
      </method>
      <counter type="INSTRUCTION" missed="55" covered="0" />
      <counter type="LINE" missed="35" covered="0" />
      <counter type="METHOD" missed="2" covered="0" />
      <counter type="CLASS" missed="1" covered="0" />
    </class>
    <class name="scripts/tokenize-all" sourcefilename="tokenize-all.ps1">
      <method name="&lt;script&gt;" desc="()" line="22">
        <counter type="INSTRUCTION" missed="53" covered="0" />
        <counter type="LINE" missed="29" covered="0" />
[...]
      <line nr="24" mi="1" ci="0" mb="0" cb="0" />
      <line nr="25" mi="1" ci="0" mb="0" cb="0" />
      <line nr="26" mi="1" ci="0" mb="0" cb="0" />
      <line nr="30" mi="4" ci="0" mb="0" cb="0" />
      <line nr="31" mi="3" ci="0" mb="0" cb="0" />
      <line nr="32" mi="3" ci="0" mb="0" cb="0" />
      <line nr="33" mi="3" ci="0" mb="0" cb="0" />
      <line nr="34" mi="1" ci="0" mb="0" cb="0" />
      <line nr="35" mi="2" ci="0" mb="0" cb="0" />
      <line nr="38" mi="1" ci="0" mb="0" cb="0" />
      <line nr="39" mi="1" ci="0" mb="0" cb="0" />
      <line nr="40" mi="3" ci="0" mb="0" cb="0" />
      <line nr="41" mi="3" ci="0" mb="0" cb="0" />
      <line nr="42" mi="3" ci="0" mb="0" cb="0" />
      <line nr="43" mi="3" ci="0" mb="0" cb="0" />
      <line nr="44" mi="3" ci="0" mb="0" cb="0" />
      <line nr="45" mi="3" ci="0" mb="0" cb="0" />
      <line nr="46" mi="3" ci="0" mb="0" cb="0" />
      <line nr="47" mi="3" ci="0" mb="0" cb="0" />
      <line nr="48" mi="3" ci="0" mb="0" cb="0" />
      <line nr="49" mi="3" ci="0" mb="0" cb="0" />
      <line nr="50" mi="3" ci="0" mb="0" cb="0" />
      <line nr="55" mi="1" ci="0" mb="0" cb="0" />
      <line nr="56" mi="2" ci="0" mb="0" cb="0" />
      <line nr="57" mi="3" ci="0" mb="0" cb="0" />
      <line nr="58" mi="3" ci="0" mb="0" cb="0" />
      <line nr="60" mi="2" ci="0" mb="0" cb="0" />
      <line nr="61" mi="1" ci="0" mb="0" cb="0" />
      <line nr="62" mi="1" ci="0" mb="0" cb="0" />
      <line nr="63" mi="1" ci="0" mb="0" cb="0" />
      <line nr="66" mi="1" ci="0" mb="0" cb="0" />
      <line nr="67" mi="1" ci="0" mb="0" cb="0" />
      <line nr="68" mi="2" ci="0" mb="0" cb="0" />
      <line nr="69" mi="3" ci="0" mb="0" cb="0" />
      <line nr="72" mi="1" ci="0" mb="0" cb="0" />
      <line nr="73" mi="1" ci="0" mb="0" cb="0" />
      <line nr="74" mi="1" ci="0" mb="0" cb="0" />
      <line nr="75" mi="1" ci="0" mb="0" cb="0" />
      <line nr="76" mi="1" ci="0" mb="0" cb="0" />
      <line nr="77" mi="1" ci="0" mb="0" cb="0" />
      <line nr="78" mi="3" ci="0" mb="0" cb="0" />
      <line nr="79" mi="3" ci="0" mb="0" cb="0" />
      <line nr="80" mi="2" ci="0" mb="0" cb="0" />
      <line nr="81" mi="3" ci="0" mb="0" cb="0" />
      <line nr="85" mi="2" ci="0" mb="0" cb="0" />
      <line nr="86" mi="1" ci="0" mb="0" cb="0" />
      <line nr="87" mi="2" ci="0" mb="0" cb="0" />
      <line nr="88" mi="5" ci="0" mb="0" cb="0" />
      <line nr="90" mi="1" ci="0" mb="0" cb="0" />
      <line nr="91" mi="5" ci="0" mb="0" cb="0" />
      <line nr="96" mi="1" ci="0" mb="0" cb="0" />
      <line nr="97" mi="1" ci="0" mb="0" cb="0" />
      <line nr="101" mi="1" ci="0" mb="0" cb="0" />
      <line nr="102" mi="1" ci="0" mb="0" cb="0" />
      <line nr="103" mi="2" ci="0" mb="0" cb="0" />
      <line nr="104" mi="1" ci="0" mb="0" cb="0" />
      <line nr="105" mi="1" ci="0" mb="0" cb="0" />
      <line nr="106" mi="1" ci="0" mb="0" cb="0" />
      <line nr="108" mi="3" ci="0" mb="0" cb="0" />
      <line nr="112" mi="2" ci="0" mb="0" cb="0" />
      <line nr="113" mi="1" ci="0" mb="0" cb="0" />
      <line nr="114" mi="1" ci="0" mb="0" cb="0" />
      <line nr="115" mi="1" ci="0" mb="0" cb="0" />
      <line nr="116" mi="1" ci="0" mb="0" cb="0" />
      <line nr="117" mi="1" ci="0" mb="0" cb="0" />
      <line nr="120" mi="3" ci="0" mb="0" cb="0" />
      <line nr="121" mi="3" ci="0" mb="0" cb="0" />
      <line nr="123" mi="4" ci="0" mb="0" cb="0" />
      <line nr="124" mi="5" ci="0" mb="0" cb="0" />
      <counter type="INSTRUCTION" missed="155" covered="0" />
      <counter type="LINE" missed="75" covered="0" />
      <counter type="METHOD" missed="3" covered="0" />
      <counter type="CLASS" missed="1" covered="0" />
    </sourcefile>
    <sourcefile name="smoke-backlog-integrity.ps1">
      <line nr="8" mi="1" ci="0" mb="0" cb="0" />
      <line nr="9" mi="1" ci="0" mb="0" cb="0" />
      <line nr="12" mi="5" ci="0" mb="0" cb="0" />
      <line nr="13" mi="3" ci="0" mb="0" cb="0" />
      <line nr="15" mi="2" ci="0" mb="0" cb="0" />
      <line nr="16" mi="1" ci="0" mb="0" cb="0" />
      <line nr="18" mi="2" ci="0" mb="0" cb="0" />
      <line nr="19" mi="1" ci="0" mb="0" cb="0" />
      <line nr="20" mi="1" ci="0" mb="0" cb="0" />
      <line nr="21" mi="2" ci="0" mb="0" cb="0" />
      <line nr="24" mi="2" ci="0" mb="0" cb="0" />
      <line nr="26" mi="1" ci="0" mb="0" cb="0" />
      <line nr="27" mi="1" ci="0" mb="0" cb="0" />
      <line nr="28" mi="2" ci="0" mb="0" cb="0" />
      <line nr="30" mi="1" ci="0" mb="0" cb="0" />
      <line nr="31" mi="1" ci="0" mb="0" cb="0" />
      <line nr="32" mi="2" ci="0" mb="0" cb="0" />
      <counter type="INSTRUCTION" missed="29" covered="0" />
      <counter type="LINE" missed="17" covered="0" />
      <counter type="METHOD" missed="1" covered="0" />
      <counter type="CLASS" missed="1" covered="0" />
    </sourcefile>
    <sourcefile name="smoke-cycle-loop.ps1">
      <line nr="8" mi="1" ci="0" mb="0" cb="0" />
      <line nr="9" mi="1" ci="0" mb="0" cb="0" />
      <line nr="12" mi="5" ci="0" mb="0" cb="0" />
      <line nr="13" mi="3" ci="0" mb="0" cb="0" />
      <line nr="15" mi="2" ci="0" mb="0" cb="0" />
      <line nr="16" mi="1" ci="0" mb="0" cb="0" />
      <line nr="18" mi="2" ci="0" mb="0" cb="0" />
      <line nr="19" mi="1" ci="0" mb="0" cb="0" />
      <line nr="20" mi="1" ci="0" mb="0" cb="0" />
      <line nr="21" mi="2" ci="0" mb="0" cb="0" />
      <line nr="24" mi="1" ci="0" mb="0" cb="0" />
      <line nr="25" mi="1" ci="0" mb="0" cb="0" />
      <line nr="27" mi="1" ci="0" mb="0" cb="0" />
      <line nr="28" mi="1" ci="0" mb="0" cb="0" />
      <line nr="29" mi="2" ci="0" mb="0" cb="0" />
      <line nr="31" mi="1" ci="0" mb="0" cb="0" />
      <line nr="32" mi="1" ci="0" mb="0" cb="0" />
      <line nr="33" mi="2" ci="0" mb="0" cb="0" />
      <counter type="INSTRUCTION" missed="29" covered="0" />
      <counter type="LINE" missed="18" covered="0" />
      <counter type="METHOD" missed="1" covered="0" />
      <counter type="CLASS" missed="1" covered="0" />
    </sourcefile>
    <sourcefile name="smoke-dreaming.ps1">
      <line nr="8" mi="1" ci="0" mb="0" cb="0" />
      <line nr="9" mi="1" ci="0" mb="0" cb="0" />
      <line nr="12" mi="5" ci="0" mb="0" cb="0" />
      <line nr="13" mi="3" ci="0" mb="0" cb="0" />
      <line nr="15" mi="2" ci="0" mb="0" cb="0" />
      <line nr="16" mi="1" ci="0" mb="0" cb="0" />
      <line nr="18" mi="1" ci="0" mb="0" cb="0" />
      <line nr="19" mi="1" ci="0" mb="0" cb="0" />
      <line nr="20" mi="2" ci="0" mb="0" cb="0" />
      <line nr="22" mi="1" ci="0" mb="0" cb="0" />
      <line nr="23" mi="1" ci="0" mb="0" cb="0" />
      <line nr="24" mi="2" ci="0" mb="0" cb="0" />
      <counter type="INSTRUCTION" missed="21" covered="0" />
      <counter type="LINE" missed="12" covered="0" />
      <counter type="METHOD" missed="1" covered="0" />
      <counter type="CLASS" missed="1" covered="0" />
    </sourcefile>
    <sourcefile name="smoke-jsonfast.ps1">
      <line nr="6" mi="1" ci="0" mb="0" cb="0" />
      <line nr="7" mi="1" ci="0" mb="0" cb="0" />
      <line nr="8" mi="2" ci="0" mb="0" cb="0" />
      <line nr="9" mi="1" ci="0" mb="0" cb="0" />
      <line nr="10" mi="5" ci="0" mb="0" cb="0" />
      <line nr="11" mi="1" ci="0" mb="0" cb="0" />
      <line nr="12" mi="1" ci="0" mb="0" cb="0" />
      <line nr="13" mi="2" ci="0" mb="0" cb="0" />
      <line nr="15" mi="1" ci="0" mb="0" cb="0" />
      <line nr="16" mi="3" ci="0" mb="0" cb="0" />
      <line nr="17" mi="2" ci="0" mb="0" cb="0" />
      <line nr="19" mi="3" ci="0" mb="0" cb="0" />
      <line nr="20" mi="3" ci="0" mb="0" cb="0" />
      <line nr="21" mi="3" ci="0" mb="0" cb="0" />
      <line nr="22" mi="3" ci="0" mb="0" cb="0" />
      <line nr="23" mi="3" ci="0" mb="0" cb="0" />
      <line nr="24" mi="4" ci="0" mb="0" cb="0" />
      <line nr="25" mi="4" ci="0" mb="0" cb="0" />
      <line nr="26" mi="5" ci="0" mb="0" cb="0" />
      <line nr="27" mi="6" ci="0" mb="0" cb="0" />
      <line nr="28" mi="5" ci="0" mb="0" cb="0" />
      <line nr="29" mi="6" ci="0" mb="0" cb="0" />
      <line nr="30" mi="5" ci="0" mb="0" cb="0" />
      <line nr="31" mi="5" ci="0" mb="0" cb="0" />
      <line nr="32" mi="1" ci="0" mb="0" cb="0" />
      <line nr="33" mi="4" ci="0" mb="0" cb="0" />
      <line nr="34" mi="5" ci="0" mb="0" cb="0" />
      <counter type="INSTRUCTION" missed="85" covered="0" />
      <counter type="LINE" missed="27" covered="0" />
      <counter type="METHOD" missed="2" covered="0" />
      <counter type="CLASS" missed="1" covered="0" />
    </sourcefile>
    <sourcefile name="smoke-score-freshness.ps1">
      <line nr="8" mi="1" ci="0" mb="0" cb="0" />
      <line nr="9" mi="1" ci="0" mb="0" cb="0" />
      <line nr="12" mi="5" ci="0" mb="0" cb="0" />
      <line nr="13" mi="3" ci="0" mb="0" cb="0" />
      <line nr="15" mi="2" ci="0" mb="0" cb="0" />
      <line nr="16" mi="1" ci="0" mb="0" cb="0" />
      <line nr="18" mi="2" ci="0" mb="0" cb="0" />
      <line nr="19" mi="1" ci="0" mb="0" cb="0" />
      <line nr="20" mi="1" ci="0" mb="0" cb="0" />
      <line nr="21" mi="2" ci="0" mb="0" cb="0" />
      <line nr="24" mi="2" ci="0" mb="0" cb="0" />
      <line nr="26" mi="1" ci="0" mb="0" cb="0" />
      <line nr="27" mi="1" ci="0" mb="0" cb="0" />
      <line nr="28" mi="2" ci="0" mb="0" cb="0" />
      <line nr="30" mi="1" ci="0" mb="0" cb="0" />
      <line nr="31" mi="1" ci="0" mb="0" cb="0" />
      <line nr="32" mi="2" ci="0" mb="0" cb="0" />
      <counter type="INSTRUCTION" missed="29" covered="0" />
      <counter type="LINE" missed="17" covered="0" />
      <counter type="METHOD" missed="1" covered="0" />
      <counter type="CLASS" missed="1" covered="0" />
    </sourcefile>
    <sourcefile name="smoke-upstream-check.ps1">
      <line nr="8" mi="1" ci="0" mb="0" cb="0" />
      <line nr="9" mi="1" ci="0" mb="0" cb="0" />
      <line nr="12" mi="5" ci="0" mb="0" cb="0" />
      <line nr="13" mi="3" ci="0" mb="0" cb="0" />
      <line nr="15" mi="2" ci="0" mb="0" cb="0" />
      <line nr="16" mi="1" ci="0" mb="0" cb="0" />
      <line nr="18" mi="2" ci="0" mb="0" cb="0" />
      <line nr="19" mi="1" ci="0" mb="0" cb="0" />
      <line nr="20" mi="1" ci="0" mb="0" cb="0" />
      <line nr="21" mi="2" ci="0" mb="0" cb="0" />
      <line nr="24" mi="2" ci="0" mb="0" cb="0" />
      <line nr="26" mi="1" ci="0" mb="0" cb="0" />
      <line nr="27" mi="1" ci="0" mb="0" cb="0" />
      <line nr="28" mi="2" ci="0" mb="0" cb="0" />
      <line nr="30" mi="1" ci="0" mb="0" cb="0" />
      <line nr="31" mi="1" ci="0" mb="0" cb="0" />
      <line nr="32" mi="2" ci="0" mb="0" cb="0" />
      <counter type="INSTRUCTION" missed="29" covered="0" />
      <counter type="LINE" missed="17" covered="0" />
      <counter type="METHOD" missed="1" covered="0" />
      <counter type="CLASS" missed="1" covered="0" />
    </sourcefile>
    <sourcefile name="smoke-wisdom-demote.ps1">
      <line nr="8" mi="1" ci="0" mb="0" cb="0" />
      <line nr="9" mi="1" ci="0" mb="0" cb="0" />
      <line nr="12" mi="5" ci="0" mb="0" cb="0" />
      <line nr="13" mi="3" ci="0" mb="0" cb="0" />
      <line nr="15" mi="2" ci="0" mb="0" cb="0" />
      <line nr="16" mi="1" ci="0" mb="0" cb="0" />
      <line nr="18" mi="2" ci="0" mb="0" cb="0" />
      <line nr="19" mi="1" ci="0" mb="0" cb="0" />
      <line nr="20" mi="2" ci="0" mb="0" cb="0" />
      <line nr="24" mi="1" ci="0" mb="0" cb="0" />
      <line nr="27" mi="2" ci="0" mb="0" cb="0" />
      <line nr="29" mi="1" ci="0" mb="0" cb="0" />
      <line nr="30" mi="1" ci="0" mb="0" cb="0" />
      <line nr="31" mi="2" ci="0" mb="0" cb="0" />
      <line nr="33" mi="1" ci="0" mb="0" cb="0" />
      <line nr="34" mi="2" ci="0" mb="0" cb="0" />
      <counter type="INSTRUCTION" missed="28" covered="0" />
      <counter type="LINE" missed="16" covered="0" />
      <counter type="METHOD" missed="1" covered="0" />
      <counter type="CLASS" missed="1" covered="0" />
    </sourcefile>
    <sourcefile name="smoke-wisdom-forge.ps1">
      <line nr="8" mi="1" ci="0" mb="0" cb="0" />
      <line nr="9" mi="1" ci="0" mb="0" cb="0" />
      <line nr="12" mi="5" ci="0" mb="0" cb="0" />
      <line nr="13" mi="3" ci="0" mb="0" cb="0" />
      <line nr="15" mi="2" ci="0" mb="0" cb="0" />
      <line nr="16" mi="1" ci="0" mb="0" cb="0" />
      <line nr="18" mi="2" ci="0" mb="0" cb="0" />
      <line nr="19" mi="1" ci="0" mb="0" cb="0" />
      <line nr="20" mi="2" ci="0" mb="0" cb="0" />
      <line nr="24" mi="1" ci="0" mb="0" cb="0" />
      <line nr="27" mi="1" ci="0" mb="0" cb="0" />
      <line nr="29" mi="2" ci="0" mb="0" cb="0" />
      <line nr="30" mi="1" ci="0" mb="0" cb="0" />
      <line nr="31" mi="1" ci="0" mb="0" cb="0" />
      <line nr="32" mi="2" ci="0" mb="0" cb="0" />
      <line nr="35" mi="2" ci="0" mb="0" cb="0" />
      <line nr="37" mi="1" ci="0" mb="0" cb="0" />
      <line nr="39" mi="2" ci="0" mb="0" cb="0" />
      <line nr="40" mi="1" ci="0" mb="0" cb="0" />
      <line nr="41" mi="2" ci="0" mb="0" cb="0" />
      <line nr="43" mi="1" ci="0" mb="0" cb="0" />
      <line nr="44" mi="2" ci="0" mb="0" cb="0" />
      <line nr="46" mi="1" ci="0" mb="0" cb="0" />
      <line nr="47" mi="2" ci="0" mb="0" cb="0" />
      <counter type="INSTRUCTION" missed="40" covered="0" />
      <counter type="LINE" missed="24" covered="0" />
      <counter type="METHOD" missed="1" covered="0" />
      <counter type="CLASS" missed="1" covered="0" />
    </sourcefile>
    <sourcefile name="smoke-wisdom-loader.ps1">
      <line nr="8" mi="1" ci="0" mb="0" cb="0" />
      <line nr="9" mi="1" ci="0" mb="0" cb="0" />
      <line nr="12" mi="5" ci="0" mb="0" cb="0" />
      <line nr="13" mi="3" ci="0" mb="0" cb="0" />
      <line nr="15" mi="2" ci="0" mb="0" cb="0" />
      <line nr="16" mi="1" ci="0" mb="0" cb="0" />
      <line nr="18" mi="2" ci="0" mb="0" cb="0" />
      <line nr="19" mi="1" ci="0" mb="0" cb="0" />
      <line nr="20" mi="2" ci="0" mb="0" cb="0" />
      <line nr="24" mi="2" ci="0" mb="0" cb="0" />
      <line nr="26" mi="1" ci="0" mb="0" cb="0" />
      <line nr="27" mi="1" ci="0" mb="0" cb="0" />
      <line nr="28" mi="2" ci="0" mb="0" cb="0" />
      <line nr="30" mi="1" ci="0" mb="0" cb="0" />
      <line nr="31" mi="2" ci="0" mb="0" cb="0" />
      <counter type="INSTRUCTION" missed="27" covered="0" />
      <counter type="LINE" missed="15" covered="0" />
      <counter type="METHOD" missed="1" covered="0" />
      <counter type="CLASS" missed="1" covered="0" />
    </sourcefile>
    <sourcefile name="smoke-wisdom-stats.ps1">
      <line nr="8" mi="1" ci="0" mb="0" cb="0" />
      <line nr="9" mi="1" ci="0" mb="0" cb="0" />
      <line nr="12" mi="5" ci="0" mb="0" cb="0" />
      <line nr="13" mi="3" ci="0" mb="0" cb="0" />
      <line nr="15" mi="2" ci="0" mb="0" cb="0" />
      <line nr="16" mi="1" ci="0" mb="0" cb="0" />
      <line nr="18" mi="2" ci="0" mb="0" cb="0" />
      <line nr="19" mi="1" ci="0" mb="0" cb="0" />
      <line nr="20" mi="2" ci="0" mb="0" cb="0" />
      <line nr="24" mi="2" ci="0" mb="0" cb="0" />
      <line nr="26" mi="1" ci="0" mb="0" cb="0" />
      <line nr="28" mi="2" ci="0" mb="0" cb="0" />
      <line nr="29" mi="1" ci="0" mb="0" cb="0" />
      <line nr="30" mi="2" ci="0" mb="0" cb="0" />
      <line nr="32" mi="1" ci="0" mb="0" cb="0" />
      <line nr="33" mi="2" ci="0" mb="0" cb="0" />
      <line nr="35" mi="1" ci="0" mb="0" cb="0" />
      <line nr="36" mi="2" ci="0" mb="0" cb="0" />
      <counter type="INSTRUCTION" missed="32" covered="0" />
      <counter type="LINE" missed="18" covered="0" />
      <counter type="METHOD" missed="1" covered="0" />
      <counter type="CLASS" missed="1" covered="0" />
    </sourcefile>
    <sourcefile name="smoke-wisdom-store.ps1">
      <line nr="8" mi="1" ci="0" mb="0" cb="0" />
      <line nr="9" mi="1" ci="0" mb="0" cb="0" />
      <line nr="12" mi="5" ci="0" mb="0" cb="0" />
      <line nr="13" mi="3" ci="0" mb="0" cb="0" />
      <line nr="15" mi="2" ci="0" mb="0" cb="0" />
      <line nr="16" mi="1" ci="0" mb="0" cb="0" />
      <line nr="18" mi="2" ci="0" mb="0" cb="0" />
      <line nr="19" mi="1" ci="0" mb="0" cb="0" />
      <line nr="20" mi="2" ci="0" mb="0" cb="0" />
      <line nr="24" mi="1" ci="0" mb="0" cb="0" />
      <line nr="26" mi="1" ci="0" mb="0" cb="0" />
      <line nr="27" mi="2" ci="0" mb="0" cb="0" />
      <counter type="INSTRUCTION" missed="22" covered="0" />
      <counter type="LINE" missed="12" covered="0" />
      <counter type="METHOD" missed="1" covered="0" />
      <counter type="CLASS" missed="1" covered="0" />
    </sourcefile>
    <counter type="INSTRUCTION" missed="526" covered="0" />
    <counter type="LINE" missed="268" covered="0" />
    <counter type="METHOD" missed="15" covered="0" />
    <counter type="CLASS" missed="12" covered="0" />
  </package>
  <package name="scripts/tests">
    <class name="scripts/tests/Coverage" sourcefilename="Coverage.ps1">
      <method name="&lt;script&gt;" desc="()" line="25">
        <counter type="INSTRUCTION" missed="49" covered="0" />
        <counter type="LINE" missed="32" covered="0" />
        <counter type="METHOD" missed="1" covered="0" />
      </method>
      <counter type="INSTRUCTION" missed="49" covered="0" />
      <counter type="LINE" missed="32" covered="0" />
      <counter type="METHOD" missed="1" covered="0" />
      <counter type="CLASS" missed="1" covered="0" />
    </class>
    <sourcefile name="Coverage.ps1">
      <line nr="25" mi="1" ci="0" mb="0" cb="0" />
      <line nr="28" mi="1" ci="0" mb="0" cb="0" />
      <line nr="29" mi="2" ci="0" mb="0" cb="0" />
      <line nr="31" mi="1" ci="0" mb="0" cb="0" />
      <line nr="32" mi="3" ci="0" mb="0" cb="0" />
      <line nr="35" mi="1" ci="0" mb="0" cb="0" />
      <line nr="37" mi="1" ci="0" mb="0" cb="0" />
      <line nr="38" mi="1" ci="0" mb="0" cb="0" />
      <line nr="41" mi="1" ci="0" mb="0" cb="0" />
      <line nr="42" mi="2" ci="0" mb="0" cb="0" />
      <line nr="43" mi="2" ci="0" mb="0" cb="0" />
      <line nr="47" mi="1" ci="0" mb="0" cb="0" />
      <line nr="48" mi="1" ci="0" mb="0" cb="0" />
      <line nr="49" mi="1" ci="0" mb="0" cb="0" />
      <line nr="52" mi="1" ci="0" mb="0" cb="0" />
      <line nr="53" mi="2" ci="0" mb="0" cb="0" />
      <line nr="54" mi="1" ci="0" mb="0" cb="0" />
      <line nr="55" mi="1" ci="0" mb="0" cb="0" />
      <line nr="56" mi="1" ci="0" mb="0" cb="0" />
      <line nr="57" mi="1" ci="0" mb="0" cb="0" />
      <line nr="58" mi="1" ci="0" mb="0" cb="0" />
      <line nr="59" mi="1" ci="0" mb="0" cb="0" />
      <line nr="61" mi="2" ci="0" mb="0" cb="0" />
      <line nr="62" mi="1" ci="0" mb="0" cb="0" />
      <line nr="64" mi="1" ci="0" mb="0" cb="0" />
      <line nr="65" mi="1" ci="0" mb="0" cb="0" />
      <line nr="66" mi="2" ci="0" mb="0" cb="0" />
      <line nr="67" mi="4" ci="0" mb="0" cb="0" />
      <line nr="68" mi="1" ci="0" mb="0" cb="0" />
      <line nr="70" mi="4" ci="0" mb="0" cb="0" />
      <line nr="72" mi="3" ci="0" mb="0" cb="0" />
      <line nr="75" mi="2" ci="0" mb="0" cb="0" />
      <counter type="INSTRUCTION" missed="49" covered="0" />
      <counter type="LINE" missed="32" covered="0" />
      <counter type="METHOD" missed="1" covered="0" />
      <counter type="CLASS" missed="1" covered="0" />
    </sourcefile>
    <counter type="INSTRUCTION" missed="49" covered="0" />
    <counter type="LINE" missed="32" covered="0" />
    <counter type="METHOD" missed="1" covered="0" />
    <counter type="CLASS" missed="1" covered="0" />
  </package>
  <counter type="INSTRUCTION" missed="16429" covered="0" />
  <counter type="LINE" missed="9126" covered="0" />
  <counter type="METHOD" missed="304" covered="0" />
  <counter type="CLASS" missed="116" covered="0" />
</report>